#
# There is insufficient memory for the Java Runtime Environment to continue.
# Native memory allocation (mmap) failed to map 149946368 bytes for committing reserved memory.
# Possible reasons:
#   The system is out of physical RAM or swap space
#   In 32 bit mode, the process size limit was hit
# Possible solutions:
#   Reduce memory load on the system
#   Increase physical memory or swap space
#   Check if swap backing store is full
#   Use 64 bit Java on a 64 bit OS
#   Decrease Java heap size (-Xmx/-Xms)
#   Decrease number of Java threads
#   Decrease Java thread stack sizes (-Xss)
#   Set larger code cache with -XX:ReservedCodeCacheSize=
# This output file may be truncated or incomplete.
#
#  Out of Memory Error (os_linux.cpp:2627), pid=28285, tid=140277211682560
#
# JRE version: OpenJDK Runtime Environment (8.0_66-b17) (build 1.8.0_66-b17)
# Java VM: OpenJDK 64-Bit Server VM (25.66-b17 mixed mode linux-amd64 compressed oops)
# Failed to write core dump. Core dumps have been disabled. To enable core dumping, try "ulimit -c unlimited" before starting Java again
#

---------------  T H R E A D  ---------------

Current thread (0x00007f94ec078800):  VMThread [stack: 0x00007f94d54f5000,0x00007f94d55f6000] [id=28295]

Stack: [0x00007f94d54f5000,0x00007f94d55f6000],  sp=0x00007f94d55f44c0,  free space=1021k
Native frames: (J=compiled Java code, j=interpreted, Vv=VM code, C=native code)
V  [libjvm.so+0xa57648]
V  [libjvm.so+0x4c252c]
V  [libjvm.so+0x8a8d80]
V  [libjvm.so+0x8a32ae]
V  [libjvm.so+0x91c98b]
V  [libjvm.so+0x91dcd3]
V  [libjvm.so+0x91a39b]
V  [libjvm.so+0x91a64c]
V  [libjvm.so+0x8cd2a3]
V  [libjvm.so+0xa59282]
V  [libjvm.so+0xa5e257]
V  [libjvm.so+0xa5ba9c]
V  [libjvm.so+0xa5ce7f]
V  [libjvm.so+0xa5d371]
V  [libjvm.so+0x8a6292]

VM_Operation (0x00007f94f37ca1e0): ParallelGCFailedAllocation, mode: safepoint, requested by thread 0x00007f94ec00b000


---------------  P R O C E S S  ---------------

Java Threads: ( => current thread )
  0x00007f94ec0ca800 JavaThread "Service Thread" daemon [_thread_blocked, id=28302, stack(0x00007f94d4c5b000,0x00007f94d4d5c000)]
  0x00007f94ec0bd000 JavaThread "C1 CompilerThread2" daemon [_thread_blocked, id=28301, stack(0x00007f94d4d5c000,0x00007f94d4e5d000)]
  0x00007f94ec0bb800 JavaThread "C2 CompilerThread1" daemon [_thread_in_native, id=28300, stack(0x00007f94d4e5d000,0x00007f94d4f5e000)]
  0x00007f94ec0b8800 JavaThread "C2 CompilerThread0" daemon [_thread_blocked, id=28299, stack(0x00007f94d4f5e000,0x00007f94d505f000)]
  0x00007f94ec0b7000 JavaThread "Signal Dispatcher" daemon [_thread_blocked, id=28298, stack(0x00007f94d505f000,0x00007f94d5160000)]
  0x00007f94ec07f800 JavaThread "Finalizer" daemon [_thread_blocked, id=28297, stack(0x00007f94d52f3000,0x00007f94d53f4000)]
  0x00007f94ec07d800 JavaThread "Reference Handler" daemon [_thread_blocked, id=28296, stack(0x00007f94d53f4000,0x00007f94d54f5000)]
  0x00007f94ec00b000 JavaThread "main" [_thread_blocked, id=28290, stack(0x00007f94f36cb000,0x00007f94f37cc000)]

Other Threads:
=>0x00007f94ec078800 VMThread [stack: 0x00007f94d54f5000,0x00007f94d55f6000] [id=28295]
  0x00007f94ec0cc800 WatcherThread [stack: 0x00007f94d4b5a000,0x00007f94d4c5b000] [id=28303]

VM state:at safepoint (normal execution)

VM Mutex/Monitor currently owned by a thread:  ([mutex/lock_event])
[0x00007f94ec008a00] Threads_lock - owner thread: 0x00007f94ec078800
[0x00007f94ec008f00] Heap_lock - owner thread: 0x00007f94ec00b000

Heap:
 PSYoungGen      total 132096K, used 5095K [0x00000000eab00000, 0x00000000f3100000, 0x0000000100000000)
  eden space 126976K, 0% used [0x00000000eab00000,0x00000000eab00000,0x00000000f2700000)
  from space 5120K, 99% used [0x00000000f2700000,0x00000000f2bf9c30,0x00000000f2c00000)
  to   space 5120K, 0% used [0x00000000f2c00000,0x00000000f2c00000,0x00000000f3100000)
 ParOldGen       total 84992K, used 23906K [0x00000000c0000000, 0x00000000c5300000, 0x00000000eab00000)
  object space 84992K, 28% used [0x00000000c0000000,0x00000000c17589f8,0x00000000c5300000)
 Metaspace       used 7539K, capacity 7902K, committed 8064K, reserved 1056768K
  class space    used 723K, capacity 785K, committed 896K, reserved 1048576K

Card table byte_map: [0x00007f94f07a0000,0x00007f94f09a1000] byte_map_base: 0x00007f94f01a0000

Marking Bits: (ParMarkBitMap*) 0x00007f94f29de820
 Begin Bits: [0x00007f94d6000000, 0x00007f94d7000000)
 End Bits:   [0x00007f94d7000000, 0x00007f94d8000000)

Polling page: 0x00007f94f3800000

CodeCache: size=245760Kb used=7082Kb max_used=7101Kb free=238677Kb
 bounds [0x00007f94dd000000, 0x00007f94dd700000, 0x00007f94ec000000]
 total_blobs=2608 nmethods=2310 adapters=213
 compilation: enabled

Compilation events (10 events):
Event: 2.411 Thread 0x00007f94ec0b8800 nmethod 2339 0x00007f94dd6ef210 code [0x00007f94dd6ef720, 0x00007f94dd6f3310]
Event: 2.411 Thread 0x00007f94ec0b8800 2338       4       com.android.dx.merge.IndexMap::adjustAnnotationSet (18 bytes)
Event: 2.418 Thread 0x00007f94ec0b8800 nmethod 2338 0x00007f94dd6eb610 code [0x00007f94dd6eb7c0, 0x00007f94dd6ebbd8]
Event: 2.418 Thread 0x00007f94ec0b8800 2352       4       com.android.dx.io.instructions.InstructionCodec$14::decode (53 bytes)
Event: 2.422 Thread 0x00007f94ec0b8800 nmethod 2352 0x00007f94dd6ed310 code [0x00007f94dd6ed480, 0x00007f94dd6ed6b8]
Event: 2.422 Thread 0x00007f94ec0b8800 2351       4       com.android.dx.io.instructions.DecodedInstruction::getLiteralUnit (55 bytes)
Event: 2.422 Thread 0x00007f94ec0b8800 nmethod 2351 0x00007f94dd6eda90 code [0x00007f94dd6edbe0, 0x00007f94dd6edc78]
Event: 2.422 Thread 0x00007f94ec0b8800 2353       4       com.android.dx.io.instructions.InstructionCodec$14::encode (29 bytes)
Event: 2.424 Thread 0x00007f94ec0b8800 nmethod 2353 0x00007f94dd6ecc10 code [0x00007f94dd6ecd80, 0x00007f94dd6ecff8]
Event: 2.424 Thread 0x00007f94ec0b8800 2364       4       com.android.dex.Dex$Section::readClassData (66 bytes)

GC Heap History (9 events):
Event: 0.775 GC heap before
{Heap before GC invocations=1 (full 0):
 PSYoungGen      total 36864K, used 31744K [0x00000000eab00000, 0x00000000ed400000, 0x0000000100000000)
  eden space 31744K, 100% used [0x00000000eab00000,0x00000000eca00000,0x00000000eca00000)
  from space 5120K, 0% used [0x00000000ecf00000,0x00000000ecf00000,0x00000000ed400000)
  to   space 5120K, 0% used [0x00000000eca00000,0x00000000eca00000,0x00000000ecf00000)
 ParOldGen       total 84992K, used 0K [0x00000000c0000000, 0x00000000c5300000, 0x00000000eab00000)
  object space 84992K, 0% used [0x00000000c0000000,0x00000000c0000000,0x00000000c5300000)
 Metaspace       used 5450K, capacity 6768K, committed 7040K, reserved 1056768K
  class space    used 549K, capacity 616K, committed 640K, reserved 1048576K
Event: 0.786 GC heap after
Heap after GC invocations=1 (full 0):
 PSYoungGen      total 36864K, used 5096K [0x00000000eab00000, 0x00000000ef300000, 0x0000000100000000)
  eden space 31744K, 0% used [0x00000000eab00000,0x00000000eab00000,0x00000000eca00000)
  from space 5120K, 99% used [0x00000000eca00000,0x00000000ecefa178,0x00000000ecf00000)
  to   space 5120K, 0% used [0x00000000eee00000,0x00000000eee00000,0x00000000ef300000)
 ParOldGen       total 84992K, used 2228K [0x00000000c0000000, 0x00000000c5300000, 0x00000000eab00000)
  object space 84992K, 2% used [0x00000000c0000000,0x00000000c022d218,0x00000000c5300000)
 Metaspace       used 5450K, capacity 6768K, committed 7040K, reserved 1056768K
  class space    used 549K, capacity 616K, committed 640K, reserved 1048576K
}
Event: 1.073 GC heap before
{Heap before GC invocations=2 (full 0):
 PSYoungGen      total 36864K, used 36503K [0x00000000eab00000, 0x00000000ef300000, 0x0000000100000000)
  eden space 31744K, 98% used [0x00000000eab00000,0x00000000ec9abb78,0x00000000eca00000)
  from space 5120K, 99% used [0x00000000eca00000,0x00000000ecefa178,0x00000000ecf00000)
  to   space 5120K, 0% used [0x00000000eee00000,0x00000000eee00000,0x00000000ef300000)
 ParOldGen       total 84992K, used 2228K [0x00000000c0000000, 0x00000000c5300000, 0x00000000eab00000)
  object space 84992K, 2% used [0x00000000c0000000,0x00000000c022d218,0x00000000c5300000)
 Metaspace       used 5705K, capacity 6832K, committed 7040K, reserved 1056768K
  class space    used 564K, capacity 616K, committed 640K, reserved 1048576K
Event: 1.089 GC heap after
Heap after GC invocations=2 (full 0):
 PSYoungGen      total 68608K, used 5090K [0x00000000eab00000, 0x00000000ef300000, 0x0000000100000000)
  eden space 63488K, 0% used [0x00000000eab00000,0x00000000eab00000,0x00000000ee900000)
  from space 5120K, 99% used [0x00000000eee00000,0x00000000ef2f88e0,0x00000000ef300000)
  to   space 5120K, 0% used [0x00000000ee900000,0x00000000ee900000,0x00000000eee00000)
 ParOldGen       total 84992K, used 9768K [0x00000000c0000000, 0x00000000c5300000, 0x00000000eab00000)
  object space 84992K, 11% used [0x00000000c0000000,0x00000000c098a380,0x00000000c5300000)
 Metaspace       used 5705K, capacity 6832K, committed 7040K, reserved 1056768K
  class space    used 564K, capacity 616K, committed 640K, reserved 1048576K
}
Event: 1.821 GC heap before
{Heap before GC invocations=3 (full 0):
 PSYoungGen      total 68608K, used 68578K [0x00000000eab00000, 0x00000000ef300000, 0x0000000100000000)
  eden space 63488K, 100% used [0x00000000eab00000,0x00000000ee900000,0x00000000ee900000)
  from space 5120K, 99% used [0x00000000eee00000,0x00000000ef2f88e0,0x00000000ef300000)
  to   space 5120K, 0% used [0x00000000ee900000,0x00000000ee900000,0x00000000eee00000)
 ParOldGen       total 84992K, used 9768K [0x00000000c0000000, 0x00000000c5300000, 0x00000000eab00000)
  object space 84992K, 11% used [0x00000000c0000000,0x00000000c098a380,0x00000000c5300000)
 Metaspace       used 7397K, capacity 7864K, committed 7936K, reserved 1056768K
  class space    used 714K, capacity 752K, committed 768K, reserved 1048576K
Event: 1.851 GC heap after
Heap after GC invocations=3 (full 0):
 PSYoungGen      total 68608K, used 5102K [0x00000000eab00000, 0x00000000f3100000, 0x0000000100000000)
  eden space 63488K, 0% used [0x00000000eab00000,0x00000000eab00000,0x00000000ee900000)
  from space 5120K, 99% used [0x00000000ee900000,0x00000000eedfbb70,0x00000000eee00000)
  to   space 5120K, 0% used [0x00000000f2c00000,0x00000000f2c00000,0x00000000f3100000)
 ParOldGen       total 84992K, used 16331K [0x00000000c0000000, 0x00000000c5300000, 0x00000000eab00000)
  object space 84992K, 19% used [0x00000000c0000000,0x00000000c0ff2fb8,0x00000000c5300000)
 Metaspace       used 7397K, capacity 7864K, committed 7936K, reserved 1056768K
  class space    used 714K, capacity 752K, committed 768K, reserved 1048576K
}
Event: 2.044 GC heap before
{Heap before GC invocations=4 (full 0):
 PSYoungGen      total 68608K, used 68590K [0x00000000eab00000, 0x00000000f3100000, 0x0000000100000000)
  eden space 63488K, 100% used [0x00000000eab00000,0x00000000ee900000,0x00000000ee900000)
  from space 5120K, 99% used [0x00000000ee900000,0x00000000eedfbb70,0x00000000eee00000)
  to   space 5120K, 0% used [0x00000000f2c00000,0x00000000f2c00000,0x00000000f3100000)
 ParOldGen       total 84992K, used 16331K [0x00000000c0000000, 0x00000000c5300000, 0x00000000eab00000)
  object space 84992K, 19% used [0x00000000c0000000,0x00000000c0ff2fb8,0x00000000c5300000)
 Metaspace       used 7509K, capacity 7902K, committed 8064K, reserved 1056768K
  class space    used 723K, capacity 785K, committed 896K, reserved 1048576K
Event: 2.059 GC heap after
Heap after GC invocations=4 (full 0):
 PSYoungGen      total 132096K, used 5098K [0x00000000eab00000, 0x00000000f3100000, 0x0000000100000000)
  eden space 126976K, 0% used [0x00000000eab00000,0x00000000eab00000,0x00000000f2700000)
  from space 5120K, 99% used [0x00000000f2c00000,0x00000000f30fa888,0x00000000f3100000)
  to   space 5120K, 0% used [0x00000000f2700000,0x00000000f2700000,0x00000000f2c00000)
 ParOldGen       total 84992K, used 17692K [0x00000000c0000000, 0x00000000c5300000, 0x00000000eab00000)
  object space 84992K, 20% used [0x00000000c0000000,0x00000000c1147060,0x00000000c5300000)
 Metaspace       used 7509K, capacity 7902K, committed 8064K, reserved 1056768K
  class space    used 723K, capacity 785K, committed 896K, reserved 1048576K
}
Event: 2.433 GC heap before
{Heap before GC invocations=5 (full 0):
 PSYoungGen      total 132096K, used 132074K [0x00000000eab00000, 0x00000000f3100000, 0x0000000100000000)
  eden space 126976K, 100% used [0x00000000eab00000,0x00000000f2700000,0x00000000f2700000)
  from space 5120K, 99% used [0x00000000f2c00000,0x00000000f30fa888,0x00000000f3100000)
  to   space 5120K, 0% used [0x00000000f2700000,0x00000000f2700000,0x00000000f2c00000)
 ParOldGen       total 84992K, used 17692K [0x00000000c0000000, 0x00000000c5300000, 0x00000000eab00000)
  object space 84992K, 20% used [0x00000000c0000000,0x00000000c1147060,0x00000000c5300000)
 Metaspace       used 7539K, capacity 7902K, committed 8064K, reserved 1056768K
  class space    used 723K, capacity 785K, committed 896K, reserved 1048576K

Deoptimization events (10 events):
Event: 1.440 Thread 0x00007f94ec00b000 Uncommon trap: reason=unstable_if action=reinterpret pc=0x00007f94dd3d4a2c method=java.util.HashMap.getNode(ILjava/lang/Object;)Ljava/util/HashMap$Node; @ 84
Event: 1.500 Thread 0x00007f94ec00b000 Uncommon trap: reason=unstable_if action=reinterpret pc=0x00007f94dd4ef108 method=com.android.dex.Mutf8.decode(Lcom/android/dex/util/ByteInput;[C)Ljava/lang/String; @ 37
Event: 1.500 Thread 0x00007f94ec00b000 Uncommon trap: reason=unstable_if action=reinterpret pc=0x00007f94dd4e459c method=com.android.dex.Mutf8.encode([BILjava/lang/String;)V @ 31
Event: 1.506 Thread 0x00007f94ec00b000 Uncommon trap: reason=predicate action=maybe_recompile pc=0x00007f94dd53afbc method=com.android.dex.Leb128.readUnsignedLeb128(Lcom/android/dex/util/ByteInput;)I @ 41
Event: 1.801 Thread 0x00007f94ec00b000 Uncommon trap: reason=unstable_if action=reinterpret pc=0x00007f94dd645340 method=java.util.HashMap.resize()[Ljava/util/HashMap$Node; @ 206
Event: 1.968 Thread 0x00007f94ec00b000 Uncommon trap: reason=unstable_if action=reinterpret pc=0x00007f94dd653858 method=com.android.dex.EncodedValueCodec.readUnsignedInt(Lcom/android/dex/util/ByteInput;IZ)I @ 3
Event: 2.019 Thread 0x00007f94ec00b000 Uncommon trap: reason=unstable_if action=reinterpret pc=0x00007f94dd5d7e48 method=com.android.dex.Mutf8.countBytes(Ljava/lang/String;Z)J @ 28
Event: 2.019 Thread 0x00007f94ec00b000 Uncommon trap: reason=unstable_if action=reinterpret pc=0x00007f94dd596840 method=com.android.dex.Mutf8.encode([BILjava/lang/String;)V @ 24
Event: 2.072 Thread 0x00007f94ec00b000 Uncommon trap: reason=unstable_if action=reinterpret pc=0x00007f94dd5f0674 method=com.android.dex.Mutf8.countBytes(Ljava/lang/String;Z)J @ 28
Event: 2.108 Thread 0x00007f94ec00b000 Uncommon trap: reason=unstable_if action=reinterpret pc=0x00007f94dd603c10 method=com.android.dex.Mutf8.countBytes(Ljava/lang/String;Z)J @ 28

Internal exceptions (4 events):
Event: 0.100 Thread 0x00007f94ec00b000 Exception <a 'java/lang/NoSuchMethodError': Method sun.misc.Unsafe.defineClass(Ljava/lang/String;[BII)Ljava/lang/Class; name or signature does not match> (0x00000000eab12b88) thrown at [/build/java8-openjdk/src/jdk8u-jdk8u66-b17/hotspot/src/share/vm/prims
Event: 0.100 Thread 0x00007f94ec00b000 Exception <a 'java/lang/NoSuchMethodError': Method sun.misc.Unsafe.prefetchRead(Ljava/lang/Object;J)V name or signature does not match> (0x00000000eab12e70) thrown at [/build/java8-openjdk/src/jdk8u-jdk8u66-b17/hotspot/src/share/vm/prims/jni.cpp, line 398
Event: 0.878 Thread 0x00007f94ec153000 Implicit null exception at 0x00007f94dd30782f to 0x00007f94dd309ed9
Event: 0.878 Thread 0x00007f94ec153000 Implicit null exception at 0x00007f94dd31f866 to 0x00007f94dd3221c9

Events (10 events):
Event: 2.108 Thread 0x00007f94ec00b000 DEOPT UNPACKING pc=0x00007f94dd004f69 sp=0x00007f94f37ca408 mode 2
Event: 2.120 Thread 0x00007f94ec00b000 DEOPT PACKING pc=0x00007f94dd6444c1 sp=0x00007f94f37ca3a0
Event: 2.120 Thread 0x00007f94ec00b000 DEOPT UNPACKING pc=0x00007f94dd047373 sp=0x00007f94f37ca0a8 mode 0
Event: 2.193 Thread 0x00007f94ec00b000 DEOPT PACKING pc=0x00007f94dd644510 sp=0x00007f94f37ca4e0
Event: 2.193 Thread 0x00007f94ec00b000 DEOPT UNPACKING pc=0x00007f94dd047373 sp=0x00007f94f37ca1f0 mode 0
Event: 2.194 Thread 0x00007f94ec00b000 DEOPT PACKING pc=0x00007f94dd644510 sp=0x00007f94f37ca3a0
Event: 2.194 Thread 0x00007f94ec00b000 DEOPT UNPACKING pc=0x00007f94dd047373 sp=0x00007f94f37ca0b0 mode 0
Event: 2.360 Thread 0x00007f94ec00b000 DEOPT PACKING pc=0x00007f94dd5bfb4f sp=0x00007f94f37ca3b0
Event: 2.360 Thread 0x00007f94ec00b000 DEOPT UNPACKING pc=0x00007f94dd047373 sp=0x00007f94f37ca0f0 mode 0
Event: 2.433 Executing VM operation: ParallelGCFailedAllocation


Dynamic libraries:
00400000-00401000 r-xp 00000000 08:02 1455907                            /usr/lib/jvm/java-8-openjdk/jre/bin/java
00600000-00601000 rw-p 00000000 08:02 1455907                            /usr/lib/jvm/java-8-openjdk/jre/bin/java
020f2000-02113000 rw-p 00000000 00:00 0                                  [heap]
c0000000-c5300000 rw-p 00000000 00:00 0 
c5300000-eab00000 ---p 00000000 00:00 0 
eab00000-f3100000 rw-p 00000000 00:00 0 
fc000000-100000000 ---p 00000000 00:00 0 
100000000-1000e0000 rw-p 00000000 00:00 0 
1000e0000-140000000 ---p 00000000 00:00 0 
7f9488000000-7f9488021000 rw-p 00000000 00:00 0 
7f9488021000-7f948c000000 ---p 00000000 00:00 0 
7f9490000000-7f9490021000 rw-p 00000000 00:00 0 
7f9490021000-7f9494000000 ---p 00000000 00:00 0 
7f9494000000-7f949403b000 rw-p 00000000 00:00 0 
7f949403b000-7f9498000000 ---p 00000000 00:00 0 
7f9498000000-7f9498021000 rw-p 00000000 00:00 0 
7f9498021000-7f949c000000 ---p 00000000 00:00 0 
7f949c000000-7f949c021000 rw-p 00000000 00:00 0 
7f949c021000-7f94a0000000 ---p 00000000 00:00 0 
7f94a0000000-7f94a0021000 rw-p 00000000 00:00 0 
7f94a0021000-7f94a4000000 ---p 00000000 00:00 0 
7f94a4000000-7f94a4021000 rw-p 00000000 00:00 0 
7f94a4021000-7f94a8000000 ---p 00000000 00:00 0 
7f94a8000000-7f94a85c1000 rw-p 00000000 00:00 0 
7f94a85c1000-7f94ac000000 ---p 00000000 00:00 0 
7f94ac000000-7f94ac6d0000 rw-p 00000000 00:00 0 
7f94ac6d0000-7f94b0000000 ---p 00000000 00:00 0 
7f94b0000000-7f94b0021000 rw-p 00000000 00:00 0 
7f94b0021000-7f94b4000000 ---p 00000000 00:00 0 
7f94b4000000-7f94b47ff000 rw-p 00000000 00:00 0 
7f94b47ff000-7f94b8000000 ---p 00000000 00:00 0 
7f94b8000000-7f94b8021000 rw-p 00000000 00:00 0 
7f94b8021000-7f94bc000000 ---p 00000000 00:00 0 
7f94bc000000-7f94bc021000 rw-p 00000000 00:00 0 
7f94bc021000-7f94c0000000 ---p 00000000 00:00 0 
7f94c0000000-7f94c0021000 rw-p 00000000 00:00 0 
7f94c0021000-7f94c4000000 ---p 00000000 00:00 0 
7f94c4000000-7f94c4021000 rw-p 00000000 00:00 0 
7f94c4021000-7f94c8000000 ---p 00000000 00:00 0 
7f94c8000000-7f94c8021000 rw-p 00000000 00:00 0 
7f94c8021000-7f94cc000000 ---p 00000000 00:00 0 
7f94d0000000-7f94d0021000 rw-p 00000000 00:00 0 
7f94d0021000-7f94d4000000 ---p 00000000 00:00 0 
7f94d4655000-7f94d4658000 ---p 00000000 00:00 0 
7f94d4658000-7f94d4756000 rw-p 00000000 00:00 0 
7f94d4756000-7f94d4759000 ---p 00000000 00:00 0 
7f94d4759000-7f94d4857000 rw-p 00000000 00:00 0 
7f94d4857000-7f94d485a000 ---p 00000000 00:00 0 
7f94d485a000-7f94d4958000 rw-p 00000000 00:00 0 
7f94d4958000-7f94d495b000 ---p 00000000 00:00 0 
7f94d495b000-7f94d4a59000 rw-p 00000000 00:00 0 
7f94d4a59000-7f94d4a5c000 ---p 00000000 00:00 0 
7f94d4a5c000-7f94d4b5a000 rw-p 00000000 00:00 0 
7f94d4b5a000-7f94d4b5b000 ---p 00000000 00:00 0 
7f94d4b5b000-7f94d4c5b000 rw-p 00000000 00:00 0                          [stack:28303]
7f94d4c5b000-7f94d4c5e000 ---p 00000000 00:00 0 
7f94d4c5e000-7f94d4d5c000 rw-p 00000000 00:00 0                          [stack:28302]
7f94d4d5c000-7f94d4d5f000 ---p 00000000 00:00 0 
7f94d4d5f000-7f94d4e5d000 rw-p 00000000 00:00 0                          [stack:28301]
7f94d4e5d000-7f94d4e60000 ---p 00000000 00:00 0 
7f94d4e60000-7f94d4f5e000 rw-p 00000000 00:00 0                          [stack:28300]
7f94d4f5e000-7f94d4f61000 ---p 00000000 00:00 0 
7f94d4f61000-7f94d505f000 rw-p 00000000 00:00 0                          [stack:28299]
7f94d505f000-7f94d5062000 ---p 00000000 00:00 0 
7f94d5062000-7f94d5160000 rw-p 00000000 00:00 0                          [stack:28298]
7f94d5160000-7f94d52f3000 r--p 00000000 08:02 1333402                    /usr/lib/locale/locale-archive
7f94d52f3000-7f94d52f6000 ---p 00000000 00:00 0 
7f94d52f6000-7f94d53f4000 rw-p 00000000 00:00 0                          [stack:28297]
7f94d53f4000-7f94d53f7000 ---p 00000000 00:00 0 
7f94d53f7000-7f94d54f5000 rw-p 00000000 00:00 0                          [stack:28296]
7f94d54f5000-7f94d54f6000 ---p 00000000 00:00 0 
7f94d54f6000-7f94d8000000 rw-p 00000000 00:00 0                          [stack:28295]
7f94d8000000-7f94d8021000 rw-p 00000000 00:00 0 
7f94d8021000-7f94dc000000 ---p 00000000 00:00 0 
7f94dc045000-7f94dc04a000 r--s 00096000 08:02 1579877                    /usr/lib/jvm/java-8-openjdk/jre/lib/jsse.jar
7f94dc04a000-7f94dc5bd000 rw-p 00000000 00:00 0 
7f94dc5bd000-7f94dc78a000 r--s 03be8000 08:02 1579878                    /usr/lib/jvm/java-8-openjdk/jre/lib/rt.jar
7f94dc78a000-7f94dcf00000 rw-p 00000000 00:00 0 
7f94dcf00000-7f94dd000000 ---p 00000000 00:00 0 
7f94dd000000-7f94dd700000 rwxp 00000000 00:00 0 
7f94dd700000-7f94ec000000 ---p 00000000 00:00 0 
7f94ec000000-7f94ec1c4000 rw-p 00000000 00:00 0 
7f94ec1c4000-7f94f0000000 ---p 00000000 00:00 0 
7f94f0004000-7f94f0246000 rw-p 00000000 00:00 0 
7f94f0246000-7f94f0247000 ---p 00000000 00:00 0 
7f94f0247000-7f94f0347000 rw-p 00000000 00:00 0                          [stack:28294]
7f94f0347000-7f94f0348000 ---p 00000000 00:00 0 
7f94f0348000-7f94f0448000 rw-p 00000000 00:00 0                          [stack:28293]
7f94f0448000-7f94f0449000 ---p 00000000 00:00 0 
7f94f0449000-7f94f0549000 rw-p 00000000 00:00 0                          [stack:28292]
7f94f0549000-7f94f054a000 ---p 00000000 00:00 0 
7f94f054a000-7f94f0674000 rw-p 00000000 00:00 0                          [stack:28291]
7f94f0674000-7f94f07a0000 ---p 00000000 00:00 0 
7f94f07a0000-7f94f07ca000 rw-p 00000000 00:00 0 
7f94f07ca000-7f94f08f5000 ---p 00000000 00:00 0 
7f94f08f5000-7f94f0939000 rw-p 00000000 00:00 0 
7f94f0939000-7f94f09a0000 ---p 00000000 00:00 0 
7f94f09a0000-7f94f09bd000 rw-p 00000000 00:00 0 
7f94f09bd000-7f94f0d61000 ---p 00000000 00:00 0 
7f94f0d61000-7f94f0d69000 r-xp 00000000 08:02 1583208                    /usr/lib/jvm/java-8-openjdk/jre/lib/amd64/libzip.so
7f94f0d69000-7f94f0f68000 ---p 00008000 08:02 1583208                    /usr/lib/jvm/java-8-openjdk/jre/lib/amd64/libzip.so
7f94f0f68000-7f94f0f69000 rw-p 00007000 08:02 1583208                    /usr/lib/jvm/java-8-openjdk/jre/lib/amd64/libzip.so
7f94f0f69000-7f94f0f74000 r-xp 00000000 08:02 1313964                    /usr/lib/libnss_files-2.22.so
7f94f0f74000-7f94f1173000 ---p 0000b000 08:02 1313964                    /usr/lib/libnss_files-2.22.so
7f94f1173000-7f94f1174000 r--p 0000a000 08:02 1313964                    /usr/lib/libnss_files-2.22.so
7f94f1174000-7f94f1175000 rw-p 0000b000 08:02 1313964                    /usr/lib/libnss_files-2.22.so
7f94f1175000-7f94f117b000 rw-p 00000000 00:00 0 
7f94f117b000-7f94f11a7000 r-xp 00000000 08:02 1583199                    /usr/lib/jvm/java-8-openjdk/jre/lib/amd64/libjava.so
7f94f11a7000-7f94f13a7000 ---p 0002c000 08:02 1583199                    /usr/lib/jvm/java-8-openjdk/jre/lib/amd64/libjava.so
7f94f13a7000-7f94f13a9000 rw-p 0002c000 08:02 1583199                    /usr/lib/jvm/java-8-openjdk/jre/lib/amd64/libjava.so
7f94f13a9000-7f94f13b6000 r-xp 00000000 08:02 1583196                    /usr/lib/jvm/java-8-openjdk/jre/lib/amd64/libverify.so
7f94f13b6000-7f94f15b5000 ---p 0000d000 08:02 1583196                    /usr/lib/jvm/java-8-openjdk/jre/lib/amd64/libverify.so
7f94f15b5000-7f94f15b7000 rw-p 0000c000 08:02 1583196                    /usr/lib/jvm/java-8-openjdk/jre/lib/amd64/libverify.so
7f94f15b7000-7f94f15be000 r-xp 00000000 08:02 1313972                    /usr/lib/librt-2.22.so
7f94f15be000-7f94f17bd000 ---p 00007000 08:02 1313972                    /usr/lib/librt-2.22.so
7f94f17bd000-7f94f17be000 r--p 00006000 08:02 1313972                    /usr/lib/librt-2.22.so
7f94f17be000-7f94f17bf000 rw-p 00007000 08:02 1313972                    /usr/lib/librt-2.22.so
7f94f17bf000-7f94f18bc000 r-xp 00000000 08:02 1313969                    /usr/lib/libm-2.22.so
7f94f18bc000-7f94f1abb000 ---p 000fd000 08:02 1313969                    /usr/lib/libm-2.22.so
7f94f1abb000-7f94f1abc000 r--p 000fc000 08:02 1313969                    /usr/lib/libm-2.22.so
7f94f1abc000-7f94f1abd000 rw-p 000fd000 08:02 1313969                    /usr/lib/libm-2.22.so
7f94f1abd000-7f94f2710000 r-xp 00000000 08:02 1720332                    /usr/lib/jvm/java-8-openjdk/jre/lib/amd64/server/libjvm.so
7f94f2710000-7f94f290f000 ---p 00c53000 08:02 1720332                    /usr/lib/jvm/java-8-openjdk/jre/lib/amd64/server/libjvm.so
7f94f290f000-7f94f29cb000 rw-p 00c52000 08:02 1720332                    /usr/lib/jvm/java-8-openjdk/jre/lib/amd64/server/libjvm.so
7f94f29cb000-7f94f29f9000 rw-p 00000000 00:00 0 
7f94f29f9000-7f94f2b94000 r-xp 00000000 08:02 1313919                    /usr/lib/libc-2.22.so
7f94f2b94000-7f94f2d93000 ---p 0019b000 08:02 1313919                    /usr/lib/libc-2.22.so
7f94f2d93000-7f94f2d97000 r--p 0019a000 08:02 1313919                    /usr/lib/libc-2.22.so
7f94f2d97000-7f94f2d99000 rw-p 0019e000 08:02 1313919                    /usr/lib/libc-2.22.so
7f94f2d99000-7f94f2d9d000 rw-p 00000000 00:00 0 
7f94f2d9d000-7f94f2da0000 r-xp 00000000 08:02 1313968                    /usr/lib/libdl-2.22.so
7f94f2da0000-7f94f2f9f000 ---p 00003000 08:02 1313968                    /usr/lib/libdl-2.22.so
7f94f2f9f000-7f94f2fa0000 r--p 00002000 08:02 1313968                    /usr/lib/libdl-2.22.so
7f94f2fa0000-7f94f2fa1000 rw-p 00003000 08:02 1313968                    /usr/lib/libdl-2.22.so
7f94f2fa1000-7f94f2fae000 r-xp 00000000 08:02 1856773                    /usr/lib/jvm/java-8-openjdk/jre/lib/amd64/jli/libjli.so
7f94f2fae000-7f94f31ad000 ---p 0000d000 08:02 1856773                    /usr/lib/jvm/java-8-openjdk/jre/lib/amd64/jli/libjli.so
7f94f31ad000-7f94f31ae000 rw-p 0000c000 08:02 1856773                    /usr/lib/jvm/java-8-openjdk/jre/lib/amd64/jli/libjli.so
7f94f31ae000-7f94f31c3000 r-xp 00000000 08:02 1317224                    /usr/lib/libz.so.1.2.8
7f94f31c3000-7f94f33c2000 ---p 00015000 08:02 1317224                    /usr/lib/libz.so.1.2.8
7f94f33c2000-7f94f33c3000 r--p 00014000 08:02 1317224                    /usr/lib/libz.so.1.2.8
7f94f33c3000-7f94f33c4000 rw-p 00015000 08:02 1317224                    /usr/lib/libz.so.1.2.8
7f94f33c4000-7f94f33dc000 r-xp 00000000 08:02 1313900                    /usr/lib/libpthread-2.22.so
7f94f33dc000-7f94f35db000 ---p 00018000 08:02 1313900                    /usr/lib/libpthread-2.22.so
7f94f35db000-7f94f35dc000 r--p 00017000 08:02 1313900                    /usr/lib/libpthread-2.22.so
7f94f35dc000-7f94f35dd000 rw-p 00018000 08:02 1313900                    /usr/lib/libpthread-2.22.so
7f94f35dd000-7f94f35e1000 rw-p 00000000 00:00 0 
7f94f35e1000-7f94f3603000 r-xp 00000000 08:02 1313918                    /usr/lib/ld-2.22.so
7f94f3606000-7f94f36cb000 rw-p 00000000 00:00 0 
7f94f36cb000-7f94f36ce000 ---p 00000000 00:00 0 
7f94f36ce000-7f94f37d0000 rw-p 00000000 00:00 0                          [stack:28290]
7f94f37d3000-7f94f37d4000 rw-p 00000000 00:00 0 
7f94f37d4000-7f94f37e3000 r--s 000df000 08:03 1712602                    /bin-ssd/Android/Sdk/build-tools/23.0.1/lib/dx.jar
7f94f37e3000-7f94f37f7000 rw-p 00000000 00:00 0 
7f94f37f7000-7f94f37ff000 rw-s 00000000 00:20 14002087                   /tmp/hsperfdata_ahmed/28285
7f94f37ff000-7f94f3800000 rw-p 00000000 00:00 0 
7f94f3800000-7f94f3801000 ---p 00000000 00:00 0 
7f94f3801000-7f94f3802000 rw-p 00000000 00:00 0 
7f94f3802000-7f94f3803000 r--p 00021000 08:02 1313918                    /usr/lib/ld-2.22.so
7f94f3803000-7f94f3804000 rw-p 00022000 08:02 1313918                    /usr/lib/ld-2.22.so
7f94f3804000-7f94f3805000 rw-p 00000000 00:00 0 
7ffdd051f000-7ffdd0541000 rw-p 00000000 00:00 0                          [stack]
7ffdd0571000-7ffdd0573000 r--p 00000000 00:00 0                          [vvar]
7ffdd0573000-7ffdd0575000 r-xp 00000000 00:00 0                          [vdso]
ffffffffff600000-ffffffffff601000 r-xp 00000000 00:00 0                  [vsyscall]

VM Arguments:
jvm_args: -Xmx1024M -Dfile.encoding=UTF-8 -Duser.country=US -Duser.language=en -Duser.variant 
java_command: com.android.dx.command.Main --dex --num-threads=4 --output /home/ahmed/projects/android/Popular-Movies/app/build/intermediates/dex/debug /home/ahmed/projects/android/Popular-Movies/app/build/intermediates/classes/debug /home/ahmed/projects/android/Popular-Movies/app/build/intermediates/pre-dexed/debug/support-annotations-23.1.1-196f7410122f0c28e9695c9e022f42e530d08ce7.jar /home/ahmed/projects/android/Popular-Movies/app/build/intermediates/pre-dexed/debug/classes-e67572156990961ee22c8b51c5eee4964569df56.jar /home/ahmed/projects/android/Popular-Movies/app/build/intermediates/pre-dexed/debug/schematic-annotations-0.6.3-b3ee183e9234657dd750b25b0c367d1370389548.jar /home/ahmed/projects/android/Popular-Movies/app/build/intermediates/pre-dexed/debug/converter-gson-2.0.0-beta2-57bc0d6f6a62d6437a3627a12cd49310016b2e49.jar /home/ahmed/projects/android/Popular-Movies/app/build/intermediates/pre-dexed/debug/annotations-1.3.9-3e5abbf0e9daab4db8bd4c7ef77fc6366925ca77.jar /home/ahmed/projects/android/Popular-Movies/app/build/intermediates/pre-dexed/debug/validation-api-1.0.0.GA-d9fc57b2f5d320fc2d78fcd8af282d6dbb294b97.jar /home/ahmed/projects/android/Popular-Movies/app/build/intermediates/pre-dexed/debug/jackson-annotations-2.6.2-c71cb11927ace5f472720ff3c67fb411b75ab6d1.jar /home/ahmed/projects/android/Popular-Movies/app/build/intermediates/pre-dexed/debug/jsr305-2.0.1-5621f4937052d32aa36eaaaa9724e7e469f1dbb3.jar /home/ahmed/projects/android/Popular-Movies/app/build/intermediates/pre-dexed/debug/javax.annotation-api-1.2-a3f652cbbd79ba0b110e0fdbfa7ad3c9737b210b.jar /home/ahmed/projects/android/Popular-Movies/app/build/intermediates/pre-dexed/debug/stetho-okhttp-1.2.0-cffa7e0984ba7df035751a9fe3877a2b759e71e4.jar /home/ahmed/projects/android/Popular-Movies/app/build/intermediates/pre-dexed/debug/commons-cli-1.2-45e8bde8769df1f5c7e5b44639840d690f8a3328.jar /home/ahmed/projects/android/Popular-Movies/app/build/intermediates/pre-dexed/debug/retrofit-2.0.0-beta2-39781189e
java_class_path (initial): /bin-ssd/Android/Sdk/build-tools/23.0.1/lib/dx.jar
Launcher Type: SUN_STANDARD

Environment Variables:
PATH=/usr/local/sbin:/usr/local/bin:/usr/bin:/usr/lib/jvm/default/bin:/usr/bin/site_perl:/usr/bin/vendor_perl:/usr/bin/core_perl
USERNAME=ahmed
LD_LIBRARY_PATH=/opt/android-studio/bin:
SHELL=/bin/zsh
DISPLAY=:0

Signal Handlers:
SIGSEGV: [libjvm.so+0xa58190], sa_mask[0]=11111111011111111101111111111110, sa_flags=SA_RESTART|SA_SIGINFO
SIGBUS: [libjvm.so+0xa58190], sa_mask[0]=11111111011111111101111111111110, sa_flags=SA_RESTART|SA_SIGINFO
SIGFPE: [libjvm.so+0x8a4420], sa_mask[0]=11111111011111111101111111111110, sa_flags=SA_RESTART|SA_SIGINFO
SIGPIPE: [libjvm.so+0x8a4420], sa_mask[0]=11111111011111111101111111111110, sa_flags=SA_RESTART|SA_SIGINFO
SIGXFSZ: [libjvm.so+0x8a4420], sa_mask[0]=11111111011111111101111111111110, sa_flags=SA_RESTART|SA_SIGINFO
SIGILL: [libjvm.so+0x8a4420], sa_mask[0]=11111111011111111101111111111110, sa_flags=SA_RESTART|SA_SIGINFO
SIGUSR1: SIG_DFL, sa_mask[0]=00000000000000000000000000000000, sa_flags=none
SIGUSR2: [libjvm.so+0x8a42d0], sa_mask[0]=00100000000000000000000000000000, sa_flags=SA_RESTART|SA_SIGINFO
SIGHUP: [libjvm.so+0x8a47a0], sa_mask[0]=11111111011111111101111111111110, sa_flags=SA_RESTART|SA_SIGINFO
SIGINT: [libjvm.so+0x8a47a0], sa_mask[0]=11111111011111111101111111111110, sa_flags=SA_RESTART|SA_SIGINFO
SIGTERM: [libjvm.so+0x8a47a0], sa_mask[0]=11111111011111111101111111111110, sa_flags=SA_RESTART|SA_SIGINFO
SIGQUIT: [libjvm.so+0x8a47a0], sa_mask[0]=11111111011111111101111111111110, sa_flags=SA_RESTART|SA_SIGINFO


---------------  S Y S T E M  ---------------

OS:NAME="Arch Linux"
ID=arch
PRETTY_NAME="Arch Linux"
ANSI_COLOR="0;36"
HOME_URL="https://www.archlinux.org/"
SUPPORT_URL="https://bbs.archlinux.org/"
BUG_REPORT_URL="https://bugs.archlinux.org/"


uname:Linux 4.2.5-1-ARCH #1 SMP PREEMPT Tue Oct 27 08:13:28 CET 2015 x86_64
libc:glibc 2.22 NPTL 2.22 
rlimit: STACK 8192k, CORE 0k, NPROC 31312, NOFILE 4096, AS infinity
load average:1.36 1.35 1.25

/proc/meminfo:
MemTotal:        8090580 kB
MemFree:           59164 kB
MemAvailable:     158228 kB
Buffers:            3968 kB
Cached:           671260 kB
SwapCached:            0 kB
Active:          6264424 kB
Inactive:         570096 kB
Active(anon):    6235040 kB
Inactive(anon):   543044 kB
Active(file):      29384 kB
Inactive(file):    27052 kB
Unevictable:          60 kB
Mlocked:              60 kB
SwapTotal:             0 kB
SwapFree:              0 kB
Dirty:               436 kB
Writeback:             0 kB
AnonPages:       6159384 kB
Mapped:          1099116 kB
Shmem:            618572 kB
Slab:             140448 kB
SReclaimable:      84976 kB
SUnreclaim:        55472 kB
KernelStack:       14880 kB
PageTables:        64052 kB
NFS_Unstable:          0 kB
Bounce:                0 kB
WritebackTmp:          0 kB
CommitLimit:     4045288 kB
Committed_AS:   13662312 kB
VmallocTotal:   34359738367 kB
VmallocUsed:      573900 kB
VmallocChunk:   34358423548 kB
HardwareCorrupted:     0 kB
AnonHugePages:   2951168 kB
HugePages_Total:       0
HugePages_Free:        0
HugePages_Rsvd:        0
HugePages_Surp:        0
Hugepagesize:       2048 kB
DirectMap4k:      238336 kB
DirectMap2M:     8060928 kB
DirectMap1G:     1048576 kB


CPU:total 4 (2 cores per cpu, 2 threads per core) family 6 model 69 stepping 1, cmov, cx8, fxsr, mmx, sse, sse2, sse3, ssse3, sse4.1, sse4.2, popcnt, avx, avx2, aes, clmul, erms, lzcnt, ht, tsc, tscinvbit, bmi1, bmi2

/proc/cpuinfo:
processor	: 0
vendor_id	: GenuineIntel
cpu family	: 6
model		: 69
model name	: Intel(R) Core(TM) i7-4500U CPU @ 1.80GHz
stepping	: 1
microcode	: 0x17
cpu MHz		: 2723.812
cache size	: 4096 KB
physical id	: 0
siblings	: 4
core id		: 0
cpu cores	: 2
apicid		: 0
initial apicid	: 0
fpu		: yes
fpu_exception	: yes
cpuid level	: 13
wp		: yes
flags		: fpu vme de pse tsc msr pae mce cx8 apic sep mtrr pge mca cmov pat pse36 clflush dts acpi mmx fxsr sse sse2 ss ht tm pbe syscall nx pdpe1gb rdtscp lm constant_tsc arch_perfmon pebs bts rep_good nopl xtopology nonstop_tsc aperfmperf eagerfpu pni pclmulqdq dtes64 monitor ds_cpl vmx est tm2 ssse3 fma cx16 xtpr pdcm pcid sse4_1 sse4_2 movbe popcnt tsc_deadline_timer aes xsave avx f16c rdrand lahf_lm abm ida arat epb pln pts dtherm tpr_shadow vnmi flexpriority ept vpid fsgsbase tsc_adjust bmi1 avx2 smep bmi2 erms invpcid xsaveopt
bugs		:
bogomips	: 4790.08
clflush size	: 64
cache_alignment	: 64
address sizes	: 39 bits physical, 48 bits virtual
power management:

processor	: 1
vendor_id	: GenuineIntel
cpu family	: 6
model		: 69
model name	: Intel(R) Core(TM) i7-4500U CPU @ 1.80GHz
stepping	: 1
microcode	: 0x17
cpu MHz		: 2700.000
cache size	: 4096 KB
physical id	: 0
siblings	: 4
core id		: 0
cpu cores	: 2
apicid		: 1
initial apicid	: 1
fpu		: yes
fpu_exception	: yes
cpuid level	: 13
wp		: yes
flags		: fpu vme de pse tsc msr pae mce cx8 apic sep mtrr pge mca cmov pat pse36 clflush dts acpi mmx fxsr sse sse2 ss ht tm pbe syscall nx pdpe1gb rdtscp lm constant_tsc arch_perfmon pebs bts rep_good nopl xtopology nonstop_tsc aperfmperf eagerfpu pni pclmulqdq dtes64 monitor ds_cpl vmx est tm2 ssse3 fma cx16 xtpr pdcm pcid sse4_1 sse4_2 movbe popcnt tsc_deadline_timer aes xsave avx f16c rdrand lahf_lm abm ida arat epb pln pts dtherm tpr_shadow vnmi flexpriority ept vpid fsgsbase tsc_adjust bmi1 avx2 smep bmi2 erms invpcid xsaveopt
bugs		:
bogomips	: 4790.08
clflush size	: 64
cache_alignment	: 64
address sizes	: 39 bits physical, 48 bits virtual
power management:

processor	: 2
vendor_id	: GenuineIntel
cpu family	: 6
model		: 69
model name	: Intel(R) Core(TM) i7-4500U CPU @ 1.80GHz
stepping	: 1
microcode	: 0x17
cpu MHz		: 2699.906
cache size	: 4096 KB
physical id	: 0
siblings	: 4
core id		: 1
cpu cores	: 2
apicid		: 2
initial apicid	: 2
fpu		: yes
fpu_exception	: yes
cpuid level	: 13
wp		: yes
flags		: fpu vme de pse tsc msr pae mce cx8 apic sep mtrr pge mca cmov pat pse36 clflush dts acpi mmx fxsr sse sse2 ss ht tm pbe syscall nx pdpe1gb rdtscp lm constant_tsc arch_perfmon pebs bts rep_good nopl xtopology nonstop_tsc aperfmperf eagerfpu pni pclmulqdq dtes64 monitor ds_cpl vmx est tm2 ssse3 fma cx16 xtpr pdcm pcid sse4_1 sse4_2 movbe popcnt tsc_deadline_timer aes xsave avx f16c rdrand lahf_lm abm ida arat epb pln pts dtherm tpr_shadow vnmi flexpriority ept vpid fsgsbase tsc_adjust bmi1 avx2 smep bmi2 erms invpcid xsaveopt
bugs		:
bogomips	: 4790.08
clflush size	: 64
cache_alignment	: 64
address sizes	: 39 bits physical, 48 bits virtual
power management:

processor	: 3
vendor_id	: GenuineIntel
cpu family	: 6
model		: 69
model name	: Intel(R) Core(TM) i7-4500U CPU @ 1.80GHz
stepping	: 1
microcode	: 0x17
cpu MHz		: 2700.000
cache size	: 4096 KB
physical id	: 0
siblings	: 4
core id		: 1
cpu cores	: 2
apicid		: 3
initial apicid	: 3
fpu		: yes
fpu_exception	: yes
cpuid level	: 13
wp		: yes
flags		: fpu vme de pse tsc msr pae mce cx8 apic sep mtrr pge mca cmov pat pse36 clflush dts acpi mmx fxsr sse sse2 ss ht tm pbe syscall nx pdpe1gb rdtscp lm constant_tsc arch_perfmon pebs bts rep_good nopl xtopology nonstop_tsc aperfmperf eagerfpu pni pclmulqdq dtes64 monitor ds_cpl vmx est tm2 ssse3 fma cx16 xtpr pdcm pcid sse4_1 sse4_2 movbe popcnt tsc_deadline_timer aes xsave avx f16c rdrand lahf_lm abm ida arat epb pln pts dtherm tpr_shadow vnmi flexpriority ept vpid fsgsbase tsc_adjust bmi1 avx2 smep bmi2 erms invpcid xsaveopt
bugs		:
bogomips	: 4790.08
clflush size	: 64
cache_alignment	: 64
address sizes	: 39 bits physical, 48 bits virtual
power management:



Memory: 4k page, physical 8090580k(59164k free), swap 0k(0k free)

vm_info: OpenJDK 64-Bit Server VM (25.66-b17) for linux-amd64 JRE (1.8.0_66-b17), built on Nov 18 2015 10:03:43 by "builduser" with gcc 5.2.0

time: Sat Jan  2 14:38:45 2016
elapsed time: 2 seconds (0d 0h 0m 2s)

