#
# There is insufficient memory for the Java Runtime Environment to continue.
# Native memory allocation (mmap) failed to map 155189248 bytes for committing reserved memory.
# Possible reasons:
#   The system is out of physical RAM or swap space
#   In 32 bit mode, the process size limit was hit
# Possible solutions:
#   Reduce memory load on the system
#   Increase physical memory or swap space
#   Check if swap backing store is full
#   Use 64 bit Java on a 64 bit OS
#   Decrease Java heap size (-Xmx/-Xms)
#   Decrease number of Java threads
#   Decrease Java thread stack sizes (-Xss)
#   Set larger code cache with -XX:ReservedCodeCacheSize=
# This output file may be truncated or incomplete.
#
#  Out of Memory Error (os_linux.cpp:2627), pid=28234, tid=139761723365120
#
# JRE version: OpenJDK Runtime Environment (8.0_66-b17) (build 1.8.0_66-b17)
# Java VM: OpenJDK 64-Bit Server VM (25.66-b17 mixed mode linux-amd64 compressed oops)
# Failed to write core dump. Core dumps have been disabled. To enable core dumping, try "ulimit -c unlimited" before starting Java again
#

---------------  T H R E A D  ---------------

Current thread (0x00007f1ce4078800):  VMThread [stack: 0x00007f1ccfcfd000,0x00007f1ccfdfe000] [id=28245]

Stack: [0x00007f1ccfcfd000,0x00007f1ccfdfe000],  sp=0x00007f1ccfdfc4c0,  free space=1021k
Native frames: (J=compiled Java code, j=interpreted, Vv=VM code, C=native code)
V  [libjvm.so+0xa57648]
V  [libjvm.so+0x4c252c]
V  [libjvm.so+0x8a8d80]
V  [libjvm.so+0x8a32ae]
V  [libjvm.so+0x91c98b]
V  [libjvm.so+0x91dcd3]
V  [libjvm.so+0x91a39b]
V  [libjvm.so+0x91a64c]
V  [libjvm.so+0x8cd2a3]
V  [libjvm.so+0xa59282]
V  [libjvm.so+0xa5e257]
V  [libjvm.so+0xa5ba9c]
V  [libjvm.so+0xa5ce7f]
V  [libjvm.so+0xa5d371]
V  [libjvm.so+0x8a6292]

VM_Operation (0x00007f1cee004280): ParallelGCFailedAllocation, mode: safepoint, requested by thread 0x00007f1ce400b000


---------------  P R O C E S S  ---------------

Java Threads: ( => current thread )
  0x00007f1ce40c8000 JavaThread "Service Thread" daemon [_thread_blocked, id=28252, stack(0x00007f1ccf463000,0x00007f1ccf564000)]
  0x00007f1ce40bb000 JavaThread "C1 CompilerThread2" daemon [_thread_blocked, id=28251, stack(0x00007f1ccf564000,0x00007f1ccf665000)]
  0x00007f1ce40b9000 JavaThread "C2 CompilerThread1" daemon [_thread_blocked, id=28250, stack(0x00007f1ccf665000,0x00007f1ccf766000)]
  0x00007f1ce40b6000 JavaThread "C2 CompilerThread0" daemon [_thread_blocked, id=28249, stack(0x00007f1ccf766000,0x00007f1ccf867000)]
  0x00007f1ce40b5000 JavaThread "Signal Dispatcher" daemon [_thread_blocked, id=28248, stack(0x00007f1ccf867000,0x00007f1ccf968000)]
  0x00007f1ce407f800 JavaThread "Finalizer" daemon [_thread_blocked, id=28247, stack(0x00007f1ccfafb000,0x00007f1ccfbfc000)]
  0x00007f1ce407d800 JavaThread "Reference Handler" daemon [_thread_blocked, id=28246, stack(0x00007f1ccfbfc000,0x00007f1ccfcfd000)]
  0x00007f1ce400b000 JavaThread "main" [_thread_blocked, id=28240, stack(0x00007f1cedf05000,0x00007f1cee006000)]

Other Threads:
=>0x00007f1ce4078800 VMThread [stack: 0x00007f1ccfcfd000,0x00007f1ccfdfe000] [id=28245]
  0x00007f1ce40ca800 WatcherThread [stack: 0x00007f1ccf362000,0x00007f1ccf463000] [id=28253]

VM state:at safepoint (normal execution)

VM Mutex/Monitor currently owned by a thread:  ([mutex/lock_event])
[0x00007f1ce4008a00] Threads_lock - owner thread: 0x00007f1ce4078800
[0x00007f1ce4008f00] Heap_lock - owner thread: 0x00007f1ce400b000

Heap:
 PSYoungGen      total 132096K, used 5079K [0x00000000eab00000, 0x00000000f3100000, 0x0000000100000000)
  eden space 126976K, 0% used [0x00000000eab00000,0x00000000eab00000,0x00000000f2700000)
  from space 5120K, 99% used [0x00000000f2700000,0x00000000f2bf5db0,0x00000000f2c00000)
  to   space 5120K, 0% used [0x00000000f2c00000,0x00000000f2c00000,0x00000000f3100000)
 ParOldGen       total 84992K, used 39843K [0x00000000c0000000, 0x00000000c5300000, 0x00000000eab00000)
  object space 84992K, 46% used [0x00000000c0000000,0x00000000c26e8d30,0x00000000c5300000)
 Metaspace       used 7545K, capacity 7902K, committed 8064K, reserved 1056768K
  class space    used 723K, capacity 785K, committed 896K, reserved 1048576K

Card table byte_map: [0x00007f1ceafda000,0x00007f1ceb1db000] byte_map_base: 0x00007f1cea9da000

Marking Bits: (ParMarkBitMap*) 0x00007f1ced218820
 Begin Bits: [0x00007f1ce8a80000, 0x00007f1ce9a80000)
 End Bits:   [0x00007f1ce9a80000, 0x00007f1ceaa80000)

Polling page: 0x00007f1cee03a000

CodeCache: size=245760Kb used=7178Kb max_used=7191Kb free=238581Kb
 bounds [0x00007f1cd5000000, 0x00007f1cd5710000, 0x00007f1ce4000000]
 total_blobs=2744 nmethods=2446 adapters=213
 compilation: enabled

Compilation events (10 events):
Event: 2.898 Thread 0x00007f1ce40bb000 nmethod 2491 0x00007f1cd56f3410 code [0x00007f1cd56f3620, 0x00007f1cd56f40b8]
Event: 2.898 Thread 0x00007f1ce40b9000 2492 %     4       java.util.ComparableTimSort::binarySort @ 32 (223 bytes)
Event: 2.904 Thread 0x00007f1ce40bb000 2494       3       com.android.dx.merge.DexMerger::transformAnnotationSetRefList (82 bytes)
Event: 2.906 Thread 0x00007f1ce40bb000 nmethod 2494 0x00007f1cd5703f50 code [0x00007f1cd5704220, 0x00007f1cd57059c8]
Event: 2.906 Thread 0x00007f1ce40bb000 2495       3       com.android.dx.merge.IndexMap::putAnnotationSetRefListOffset (33 bytes)
Event: 2.907 Thread 0x00007f1ce40bb000 nmethod 2495 0x00007f1cd56ff450 code [0x00007f1cd56ff660, 0x00007f1cd5700128]
Event: 2.907 Thread 0x00007f1ce40bb000 2500       3       com.android.dx.io.instructions.InstructionCodec$32::encode (95 bytes)
Event: 2.909 Thread 0x00007f1ce40bb000 nmethod 2500 0x00007f1cd5706550 code [0x00007f1cd5706800, 0x00007f1cd5708408]
Event: 2.910 Thread 0x00007f1ce40b9000 nmethod 2492% 0x00007f1cd570c3d0 code [0x00007f1cd570c560, 0x00007f1cd570cbd8]
Event: 2.910 Thread 0x00007f1ce40b9000 2499       4       com.android.dx.merge.SortableType::tryAssignDepth (134 bytes)

GC Heap History (9 events):
Event: 0.759 GC heap before
{Heap before GC invocations=1 (full 0):
 PSYoungGen      total 36864K, used 31744K [0x00000000eab00000, 0x00000000ed400000, 0x0000000100000000)
  eden space 31744K, 100% used [0x00000000eab00000,0x00000000eca00000,0x00000000eca00000)
  from space 5120K, 0% used [0x00000000ecf00000,0x00000000ecf00000,0x00000000ed400000)
  to   space 5120K, 0% used [0x00000000eca00000,0x00000000eca00000,0x00000000ecf00000)
 ParOldGen       total 84992K, used 0K [0x00000000c0000000, 0x00000000c5300000, 0x00000000eab00000)
  object space 84992K, 0% used [0x00000000c0000000,0x00000000c0000000,0x00000000c5300000)
 Metaspace       used 5446K, capacity 6768K, committed 7040K, reserved 1056768K
  class space    used 549K, capacity 616K, committed 640K, reserved 1048576K
Event: 0.776 GC heap after
Heap after GC invocations=1 (full 0):
 PSYoungGen      total 36864K, used 5117K [0x00000000eab00000, 0x00000000ef300000, 0x0000000100000000)
  eden space 31744K, 0% used [0x00000000eab00000,0x00000000eab00000,0x00000000eca00000)
  from space 5120K, 99% used [0x00000000eca00000,0x00000000eceff668,0x00000000ecf00000)
  to   space 5120K, 0% used [0x00000000eee00000,0x00000000eee00000,0x00000000ef300000)
 ParOldGen       total 84992K, used 2403K [0x00000000c0000000, 0x00000000c5300000, 0x00000000eab00000)
  object space 84992K, 2% used [0x00000000c0000000,0x00000000c0258f80,0x00000000c5300000)
 Metaspace       used 5446K, capacity 6768K, committed 7040K, reserved 1056768K
  class space    used 549K, capacity 616K, committed 640K, reserved 1048576K
}
Event: 1.094 GC heap before
{Heap before GC invocations=2 (full 0):
 PSYoungGen      total 36864K, used 36587K [0x00000000eab00000, 0x00000000ef300000, 0x0000000100000000)
  eden space 31744K, 99% used [0x00000000eab00000,0x00000000ec9bb7a8,0x00000000eca00000)
  from space 5120K, 99% used [0x00000000eca00000,0x00000000eceff668,0x00000000ecf00000)
  to   space 5120K, 0% used [0x00000000eee00000,0x00000000eee00000,0x00000000ef300000)
 ParOldGen       total 84992K, used 2403K [0x00000000c0000000, 0x00000000c5300000, 0x00000000eab00000)
  object space 84992K, 2% used [0x00000000c0000000,0x00000000c0258f80,0x00000000c5300000)
 Metaspace       used 5731K, capacity 6832K, committed 7040K, reserved 1056768K
  class space    used 564K, capacity 616K, committed 640K, reserved 1048576K
Event: 1.129 GC heap after
Heap after GC invocations=2 (full 0):
 PSYoungGen      total 68608K, used 5117K [0x00000000eab00000, 0x00000000ef300000, 0x0000000100000000)
  eden space 63488K, 0% used [0x00000000eab00000,0x00000000eab00000,0x00000000ee900000)
  from space 5120K, 99% used [0x00000000eee00000,0x00000000ef2ff418,0x00000000ef300000)
  to   space 5120K, 0% used [0x00000000ee900000,0x00000000ee900000,0x00000000eee00000)
 ParOldGen       total 84992K, used 9563K [0x00000000c0000000, 0x00000000c5300000, 0x00000000eab00000)
  object space 84992K, 11% used [0x00000000c0000000,0x00000000c0956ee0,0x00000000c5300000)
 Metaspace       used 5731K, capacity 6832K, committed 7040K, reserved 1056768K
  class space    used 564K, capacity 616K, committed 640K, reserved 1048576K
}
Event: 2.088 GC heap before
{Heap before GC invocations=3 (full 0):
 PSYoungGen      total 68608K, used 68457K [0x00000000eab00000, 0x00000000ef300000, 0x0000000100000000)
  eden space 63488K, 99% used [0x00000000eab00000,0x00000000ee8db178,0x00000000ee900000)
  from space 5120K, 99% used [0x00000000eee00000,0x00000000ef2ff418,0x00000000ef300000)
  to   space 5120K, 0% used [0x00000000ee900000,0x00000000ee900000,0x00000000eee00000)
 ParOldGen       total 84992K, used 9563K [0x00000000c0000000, 0x00000000c5300000, 0x00000000eab00000)
  object space 84992K, 11% used [0x00000000c0000000,0x00000000c0956ee0,0x00000000c5300000)
 Metaspace       used 7402K, capacity 7832K, committed 7936K, reserved 1056768K
  class space    used 713K, capacity 720K, committed 768K, reserved 1048576K
Event: 2.119 GC heap after
Heap after GC invocations=3 (full 0):
 PSYoungGen      total 68608K, used 5105K [0x00000000eab00000, 0x00000000f3100000, 0x0000000100000000)
  eden space 63488K, 0% used [0x00000000eab00000,0x00000000eab00000,0x00000000ee900000)
  from space 5120K, 99% used [0x00000000ee900000,0x00000000eedfc4b0,0x00000000eee00000)
  to   space 5120K, 0% used [0x00000000f2c00000,0x00000000f2c00000,0x00000000f3100000)
 ParOldGen       total 84992K, used 19073K [0x00000000c0000000, 0x00000000c5300000, 0x00000000eab00000)
  object space 84992K, 22% used [0x00000000c0000000,0x00000000c12a06e0,0x00000000c5300000)
 Metaspace       used 7402K, capacity 7832K, committed 7936K, reserved 1056768K
  class space    used 713K, capacity 720K, committed 768K, reserved 1048576K
}
Event: 2.466 GC heap before
{Heap before GC invocations=4 (full 0):
 PSYoungGen      total 68608K, used 68593K [0x00000000eab00000, 0x00000000f3100000, 0x0000000100000000)
  eden space 63488K, 100% used [0x00000000eab00000,0x00000000ee900000,0x00000000ee900000)
  from space 5120K, 99% used [0x00000000ee900000,0x00000000eedfc4b0,0x00000000eee00000)
  to   space 5120K, 0% used [0x00000000f2c00000,0x00000000f2c00000,0x00000000f3100000)
 ParOldGen       total 84992K, used 19073K [0x00000000c0000000, 0x00000000c5300000, 0x00000000eab00000)
  object space 84992K, 22% used [0x00000000c0000000,0x00000000c12a06e0,0x00000000c5300000)
 Metaspace       used 7516K, capacity 7902K, committed 8064K, reserved 1056768K
  class space    used 723K, capacity 785K, committed 896K, reserved 1048576K
Event: 2.477 GC heap after
Heap after GC invocations=4 (full 0):
 PSYoungGen      total 132096K, used 5090K [0x00000000eab00000, 0x00000000f3100000, 0x0000000100000000)
  eden space 126976K, 0% used [0x00000000eab00000,0x00000000eab00000,0x00000000f2700000)
  from space 5120K, 99% used [0x00000000f2c00000,0x00000000f30f8850,0x00000000f3100000)
  to   space 5120K, 0% used [0x00000000f2700000,0x00000000f2700000,0x00000000f2c00000)
 ParOldGen       total 84992K, used 21552K [0x00000000c0000000, 0x00000000c5300000, 0x00000000eab00000)
  object space 84992K, 25% used [0x00000000c0000000,0x00000000c150c098,0x00000000c5300000)
 Metaspace       used 7516K, capacity 7902K, committed 8064K, reserved 1056768K
  class space    used 723K, capacity 785K, committed 896K, reserved 1048576K
}
Event: 2.947 GC heap before
{Heap before GC invocations=5 (full 0):
 PSYoungGen      total 132096K, used 132066K [0x00000000eab00000, 0x00000000f3100000, 0x0000000100000000)
  eden space 126976K, 100% used [0x00000000eab00000,0x00000000f2700000,0x00000000f2700000)
  from space 5120K, 99% used [0x00000000f2c00000,0x00000000f30f8850,0x00000000f3100000)
  to   space 5120K, 0% used [0x00000000f2700000,0x00000000f2700000,0x00000000f2c00000)
 ParOldGen       total 84992K, used 21552K [0x00000000c0000000, 0x00000000c5300000, 0x00000000eab00000)
  object space 84992K, 25% used [0x00000000c0000000,0x00000000c150c098,0x00000000c5300000)
 Metaspace       used 7545K, capacity 7902K, committed 8064K, reserved 1056768K
  class space    used 723K, capacity 785K, committed 896K, reserved 1048576K

Deoptimization events (10 events):
Event: 1.514 Thread 0x00007f1ce400b000 Uncommon trap: reason=predicate action=maybe_recompile pc=0x00007f1cd54ce540 method=com.android.dex.Leb128.writeUnsignedLeb128(Lcom/android/dex/util/ByteOutput;I)V @ 9
Event: 1.515 Thread 0x00007f1ce400b000 Uncommon trap: reason=unstable_if action=reinterpret pc=0x00007f1cd53c706c method=java.util.HashMap.getNode(ILjava/lang/Object;)Ljava/util/HashMap$Node; @ 84
Event: 1.546 Thread 0x00007f1ce400b000 Uncommon trap: reason=unstable_if action=reinterpret pc=0x00007f1cd543dddc method=java.util.HashMap.getNode(ILjava/lang/Object;)Ljava/util/HashMap$Node; @ 84
Event: 1.660 Thread 0x00007f1ce400b000 Uncommon trap: reason=predicate action=maybe_recompile pc=0x00007f1cd5528ec4 method=com.android.dex.Leb128.readUnsignedLeb128(Lcom/android/dex/util/ByteInput;)I @ 41
Event: 2.377 Thread 0x00007f1ce400b000 Uncommon trap: reason=unstable_if action=reinterpret pc=0x00007f1cd55ded5c method=com.android.dex.EncodedValueCodec.readUnsignedInt(Lcom/android/dex/util/ByteInput;IZ)I @ 3
Event: 2.447 Thread 0x00007f1ce400b000 Uncommon trap: reason=unstable_if action=reinterpret pc=0x00007f1cd5658384 method=com.android.dex.Mutf8.countBytes(Ljava/lang/String;Z)J @ 28
Event: 2.447 Thread 0x00007f1ce400b000 Uncommon trap: reason=unstable_if action=reinterpret pc=0x00007f1cd555fb40 method=com.android.dex.Mutf8.encode([BILjava/lang/String;)V @ 24
Event: 2.496 Thread 0x00007f1ce400b000 Uncommon trap: reason=unstable_if action=reinterpret pc=0x00007f1cd5538a48 method=com.android.dex.Mutf8.countBytes(Ljava/lang/String;Z)J @ 28
Event: 2.530 Thread 0x00007f1ce400b000 Uncommon trap: reason=unstable_if action=reinterpret pc=0x00007f1cd5671de4 method=java.util.HashMap.resize()[Ljava/util/HashMap$Node; @ 206
Event: 2.530 Thread 0x00007f1ce400b000 Uncommon trap: reason=unstable_if action=reinterpret pc=0x00007f1cd563b13c method=java.util.HashMap.resize()[Ljava/util/HashMap$Node; @ 206

Internal exceptions (4 events):
Event: 0.056 Thread 0x00007f1ce400b000 Exception <a 'java/lang/NoSuchMethodError': Method sun.misc.Unsafe.defineClass(Ljava/lang/String;[BII)Ljava/lang/Class; name or signature does not match> (0x00000000eab12a50) thrown at [/build/java8-openjdk/src/jdk8u-jdk8u66-b17/hotspot/src/share/vm/prims
Event: 0.056 Thread 0x00007f1ce400b000 Exception <a 'java/lang/NoSuchMethodError': Method sun.misc.Unsafe.prefetchRead(Ljava/lang/Object;J)V name or signature does not match> (0x00000000eab12d38) thrown at [/build/java8-openjdk/src/jdk8u-jdk8u66-b17/hotspot/src/share/vm/prims/jni.cpp, line 398
Event: 0.485 Thread 0x00007f1ce400b000 Implicit null exception at 0x00007f1cd520080d to 0x00007f1cd5201009
Event: 0.904 Thread 0x00007f1ce4153000 Implicit null exception at 0x00007f1cd52b7894 to 0x00007f1cd52ba279

Events (10 events):
Event: 2.657 Thread 0x00007f1ce400b000 DEOPT UNPACKING pc=0x00007f1cd5047373 sp=0x00007f1cee0040f8 mode 0
Event: 2.799 Thread 0x00007f1ce400b000 DEOPT PACKING pc=0x00007f1cd5685701 sp=0x00007f1cee0044e0
Event: 2.799 Thread 0x00007f1ce400b000 DEOPT UNPACKING pc=0x00007f1cd5047373 sp=0x00007f1cee0041e8 mode 0
Event: 2.807 Thread 0x00007f1ce400b000 DEOPT PACKING pc=0x00007f1cd5685701 sp=0x00007f1cee0044b0
Event: 2.807 Thread 0x00007f1ce400b000 DEOPT UNPACKING pc=0x00007f1cd5047373 sp=0x00007f1cee0041b8 mode 0
Event: 2.808 Thread 0x00007f1ce400b000 DEOPT PACKING pc=0x00007f1cd5685701 sp=0x00007f1cee0043a0
Event: 2.808 Thread 0x00007f1ce400b000 DEOPT UNPACKING pc=0x00007f1cd5047373 sp=0x00007f1cee0040a8 mode 0
Event: 2.812 Thread 0x00007f1ce400b000 DEOPT PACKING pc=0x00007f1cd55ba94f sp=0x00007f1cee004380
Event: 2.812 Thread 0x00007f1ce400b000 DEOPT UNPACKING pc=0x00007f1cd5047373 sp=0x00007f1cee0040c8 mode 0
Event: 2.946 Executing VM operation: ParallelGCFailedAllocation


Dynamic libraries:
00400000-00401000 r-xp 00000000 08:02 1455907                            /usr/lib/jvm/java-8-openjdk/jre/bin/java
00600000-00601000 rw-p 00000000 08:02 1455907                            /usr/lib/jvm/java-8-openjdk/jre/bin/java
02082000-020a3000 rw-p 00000000 00:00 0                                  [heap]
c0000000-c5300000 rw-p 00000000 00:00 0 
c5300000-eab00000 ---p 00000000 00:00 0 
eab00000-f3100000 rw-p 00000000 00:00 0 
fc500000-100000000 ---p 00000000 00:00 0 
100000000-1000e0000 rw-p 00000000 00:00 0 
1000e0000-140000000 ---p 00000000 00:00 0 
7f1c80000000-7f1c80028000 rw-p 00000000 00:00 0 
7f1c80028000-7f1c84000000 ---p 00000000 00:00 0 
7f1c88000000-7f1c88021000 rw-p 00000000 00:00 0 
7f1c88021000-7f1c8c000000 ---p 00000000 00:00 0 
7f1c8c000000-7f1c8c021000 rw-p 00000000 00:00 0 
7f1c8c021000-7f1c90000000 ---p 00000000 00:00 0 
7f1c90000000-7f1c90049000 rw-p 00000000 00:00 0 
7f1c90049000-7f1c94000000 ---p 00000000 00:00 0 
7f1c94000000-7f1c94021000 rw-p 00000000 00:00 0 
7f1c94021000-7f1c98000000 ---p 00000000 00:00 0 
7f1c98000000-7f1c98021000 rw-p 00000000 00:00 0 
7f1c98021000-7f1c9c000000 ---p 00000000 00:00 0 
7f1c9c000000-7f1c9c021000 rw-p 00000000 00:00 0 
7f1c9c021000-7f1ca0000000 ---p 00000000 00:00 0 
7f1ca0000000-7f1ca0800000 rw-p 00000000 00:00 0 
7f1ca0800000-7f1ca4000000 ---p 00000000 00:00 0 
7f1ca4000000-7f1ca45ce000 rw-p 00000000 00:00 0 
7f1ca45ce000-7f1ca8000000 ---p 00000000 00:00 0 
7f1ca8000000-7f1ca8021000 rw-p 00000000 00:00 0 
7f1ca8021000-7f1cac000000 ---p 00000000 00:00 0 
7f1cac000000-7f1cace4f000 rw-p 00000000 00:00 0 
7f1cace4f000-7f1cb0000000 ---p 00000000 00:00 0 
7f1cb0000000-7f1cb0021000 rw-p 00000000 00:00 0 
7f1cb0021000-7f1cb4000000 ---p 00000000 00:00 0 
7f1cb4000000-7f1cb4021000 rw-p 00000000 00:00 0 
7f1cb4021000-7f1cb8000000 ---p 00000000 00:00 0 
7f1cb8000000-7f1cb8021000 rw-p 00000000 00:00 0 
7f1cb8021000-7f1cbc000000 ---p 00000000 00:00 0 
7f1cbc000000-7f1cbc021000 rw-p 00000000 00:00 0 
7f1cbc021000-7f1cc0000000 ---p 00000000 00:00 0 
7f1cc0000000-7f1cc0021000 rw-p 00000000 00:00 0 
7f1cc0021000-7f1cc4000000 ---p 00000000 00:00 0 
7f1cc8000000-7f1cc8021000 rw-p 00000000 00:00 0 
7f1cc8021000-7f1ccc000000 ---p 00000000 00:00 0 
7f1ccee5d000-7f1ccee60000 ---p 00000000 00:00 0 
7f1ccee60000-7f1ccef5e000 rw-p 00000000 00:00 0 
7f1ccef5e000-7f1ccef61000 ---p 00000000 00:00 0 
7f1ccef61000-7f1ccf05f000 rw-p 00000000 00:00 0 
7f1ccf05f000-7f1ccf062000 ---p 00000000 00:00 0 
7f1ccf062000-7f1ccf160000 rw-p 00000000 00:00 0 
7f1ccf160000-7f1ccf163000 ---p 00000000 00:00 0 
7f1ccf163000-7f1ccf261000 rw-p 00000000 00:00 0 
7f1ccf261000-7f1ccf264000 ---p 00000000 00:00 0 
7f1ccf264000-7f1ccf362000 rw-p 00000000 00:00 0 
7f1ccf362000-7f1ccf363000 ---p 00000000 00:00 0 
7f1ccf363000-7f1ccf463000 rw-p 00000000 00:00 0                          [stack:28253]
7f1ccf463000-7f1ccf466000 ---p 00000000 00:00 0 
7f1ccf466000-7f1ccf564000 rw-p 00000000 00:00 0                          [stack:28252]
7f1ccf564000-7f1ccf567000 ---p 00000000 00:00 0 
7f1ccf567000-7f1ccf665000 rw-p 00000000 00:00 0                          [stack:28251]
7f1ccf665000-7f1ccf668000 ---p 00000000 00:00 0 
7f1ccf668000-7f1ccf766000 rw-p 00000000 00:00 0                          [stack:28250]
7f1ccf766000-7f1ccf769000 ---p 00000000 00:00 0 
7f1ccf769000-7f1ccf867000 rw-p 00000000 00:00 0                          [stack:28249]
7f1ccf867000-7f1ccf86a000 ---p 00000000 00:00 0 
7f1ccf86a000-7f1ccf968000 rw-p 00000000 00:00 0                          [stack:28248]
7f1ccf968000-7f1ccfafb000 r--p 00000000 08:02 1333402                    /usr/lib/locale/locale-archive
7f1ccfafb000-7f1ccfafe000 ---p 00000000 00:00 0 
7f1ccfafe000-7f1ccfbfc000 rw-p 00000000 00:00 0                          [stack:28247]
7f1ccfbfc000-7f1ccfbff000 ---p 00000000 00:00 0 
7f1ccfbff000-7f1ccfcfd000 rw-p 00000000 00:00 0                          [stack:28246]
7f1ccfcfd000-7f1ccfcfe000 ---p 00000000 00:00 0 
7f1ccfcfe000-7f1cd0000000 rw-p 00000000 00:00 0                          [stack:28245]
7f1cd0000000-7f1cd0021000 rw-p 00000000 00:00 0 
7f1cd0021000-7f1cd4000000 ---p 00000000 00:00 0 
7f1cd4076000-7f1cd4e33000 rw-p 00000000 00:00 0 
7f1cd4e33000-7f1cd5000000 r--s 03be8000 08:02 1579878                    /usr/lib/jvm/java-8-openjdk/jre/lib/rt.jar
7f1cd5000000-7f1cd5710000 rwxp 00000000 00:00 0 
7f1cd5710000-7f1ce4000000 ---p 00000000 00:00 0 
7f1ce4000000-7f1ce4312000 rw-p 00000000 00:00 0 
7f1ce4312000-7f1ce8000000 ---p 00000000 00:00 0 
7f1ce8005000-7f1ce800a000 r--s 00096000 08:02 1579877                    /usr/lib/jvm/java-8-openjdk/jre/lib/jsse.jar
7f1ce800a000-7f1ce8780000 rw-p 00000000 00:00 0 
7f1ce8780000-7f1ce8880000 ---p 00000000 00:00 0 
7f1ce8880000-7f1ceaa80000 rw-p 00000000 00:00 0 
7f1ceaa80000-7f1ceaa81000 ---p 00000000 00:00 0 
7f1ceaa81000-7f1ceab81000 rw-p 00000000 00:00 0                          [stack:28244]
7f1ceab81000-7f1ceab82000 ---p 00000000 00:00 0 
7f1ceab82000-7f1ceac82000 rw-p 00000000 00:00 0                          [stack:28243]
7f1ceac82000-7f1ceac83000 ---p 00000000 00:00 0 
7f1ceac83000-7f1cead83000 rw-p 00000000 00:00 0                          [stack:28242]
7f1cead83000-7f1cead84000 ---p 00000000 00:00 0 
7f1cead84000-7f1ceaeae000 rw-p 00000000 00:00 0                          [stack:28241]
7f1ceaeae000-7f1ceafda000 ---p 00000000 00:00 0 
7f1ceafda000-7f1ceb004000 rw-p 00000000 00:00 0 
7f1ceb004000-7f1ceb12f000 ---p 00000000 00:00 0 
7f1ceb12f000-7f1ceb173000 rw-p 00000000 00:00 0 
7f1ceb173000-7f1ceb1da000 ---p 00000000 00:00 0 
7f1ceb1da000-7f1ceb1f8000 rw-p 00000000 00:00 0 
7f1ceb1f8000-7f1ceb59b000 ---p 00000000 00:00 0 
7f1ceb59b000-7f1ceb5a3000 r-xp 00000000 08:02 1583208                    /usr/lib/jvm/java-8-openjdk/jre/lib/amd64/libzip.so
7f1ceb5a3000-7f1ceb7a2000 ---p 00008000 08:02 1583208                    /usr/lib/jvm/java-8-openjdk/jre/lib/amd64/libzip.so
7f1ceb7a2000-7f1ceb7a3000 rw-p 00007000 08:02 1583208                    /usr/lib/jvm/java-8-openjdk/jre/lib/amd64/libzip.so
7f1ceb7a3000-7f1ceb7ae000 r-xp 00000000 08:02 1313964                    /usr/lib/libnss_files-2.22.so
7f1ceb7ae000-7f1ceb9ad000 ---p 0000b000 08:02 1313964                    /usr/lib/libnss_files-2.22.so
7f1ceb9ad000-7f1ceb9ae000 r--p 0000a000 08:02 1313964                    /usr/lib/libnss_files-2.22.so
7f1ceb9ae000-7f1ceb9af000 rw-p 0000b000 08:02 1313964                    /usr/lib/libnss_files-2.22.so
7f1ceb9af000-7f1ceb9b5000 rw-p 00000000 00:00 0 
7f1ceb9b5000-7f1ceb9e1000 r-xp 00000000 08:02 1583199                    /usr/lib/jvm/java-8-openjdk/jre/lib/amd64/libjava.so
7f1ceb9e1000-7f1cebbe1000 ---p 0002c000 08:02 1583199                    /usr/lib/jvm/java-8-openjdk/jre/lib/amd64/libjava.so
7f1cebbe1000-7f1cebbe3000 rw-p 0002c000 08:02 1583199                    /usr/lib/jvm/java-8-openjdk/jre/lib/amd64/libjava.so
7f1cebbe3000-7f1cebbf0000 r-xp 00000000 08:02 1583196                    /usr/lib/jvm/java-8-openjdk/jre/lib/amd64/libverify.so
7f1cebbf0000-7f1cebdef000 ---p 0000d000 08:02 1583196                    /usr/lib/jvm/java-8-openjdk/jre/lib/amd64/libverify.so
7f1cebdef000-7f1cebdf1000 rw-p 0000c000 08:02 1583196                    /usr/lib/jvm/java-8-openjdk/jre/lib/amd64/libverify.so
7f1cebdf1000-7f1cebdf8000 r-xp 00000000 08:02 1313972                    /usr/lib/librt-2.22.so
7f1cebdf8000-7f1cebff7000 ---p 00007000 08:02 1313972                    /usr/lib/librt-2.22.so
7f1cebff7000-7f1cebff8000 r--p 00006000 08:02 1313972                    /usr/lib/librt-2.22.so
7f1cebff8000-7f1cebff9000 rw-p 00007000 08:02 1313972                    /usr/lib/librt-2.22.so
7f1cebff9000-7f1cec0f6000 r-xp 00000000 08:02 1313969                    /usr/lib/libm-2.22.so
7f1cec0f6000-7f1cec2f5000 ---p 000fd000 08:02 1313969                    /usr/lib/libm-2.22.so
7f1cec2f5000-7f1cec2f6000 r--p 000fc000 08:02 1313969                    /usr/lib/libm-2.22.so
7f1cec2f6000-7f1cec2f7000 rw-p 000fd000 08:02 1313969                    /usr/lib/libm-2.22.so
7f1cec2f7000-7f1cecf4a000 r-xp 00000000 08:02 1720332                    /usr/lib/jvm/java-8-openjdk/jre/lib/amd64/server/libjvm.so
7f1cecf4a000-7f1ced149000 ---p 00c53000 08:02 1720332                    /usr/lib/jvm/java-8-openjdk/jre/lib/amd64/server/libjvm.so
7f1ced149000-7f1ced205000 rw-p 00c52000 08:02 1720332                    /usr/lib/jvm/java-8-openjdk/jre/lib/amd64/server/libjvm.so
7f1ced205000-7f1ced233000 rw-p 00000000 00:00 0 
7f1ced233000-7f1ced3ce000 r-xp 00000000 08:02 1313919                    /usr/lib/libc-2.22.so
7f1ced3ce000-7f1ced5cd000 ---p 0019b000 08:02 1313919                    /usr/lib/libc-2.22.so
7f1ced5cd000-7f1ced5d1000 r--p 0019a000 08:02 1313919                    /usr/lib/libc-2.22.so
7f1ced5d1000-7f1ced5d3000 rw-p 0019e000 08:02 1313919                    /usr/lib/libc-2.22.so
7f1ced5d3000-7f1ced5d7000 rw-p 00000000 00:00 0 
7f1ced5d7000-7f1ced5da000 r-xp 00000000 08:02 1313968                    /usr/lib/libdl-2.22.so
7f1ced5da000-7f1ced7d9000 ---p 00003000 08:02 1313968                    /usr/lib/libdl-2.22.so
7f1ced7d9000-7f1ced7da000 r--p 00002000 08:02 1313968                    /usr/lib/libdl-2.22.so
7f1ced7da000-7f1ced7db000 rw-p 00003000 08:02 1313968                    /usr/lib/libdl-2.22.so
7f1ced7db000-7f1ced7e8000 r-xp 00000000 08:02 1856773                    /usr/lib/jvm/java-8-openjdk/jre/lib/amd64/jli/libjli.so
7f1ced7e8000-7f1ced9e7000 ---p 0000d000 08:02 1856773                    /usr/lib/jvm/java-8-openjdk/jre/lib/amd64/jli/libjli.so
7f1ced9e7000-7f1ced9e8000 rw-p 0000c000 08:02 1856773                    /usr/lib/jvm/java-8-openjdk/jre/lib/amd64/jli/libjli.so
7f1ced9e8000-7f1ced9fd000 r-xp 00000000 08:02 1317224                    /usr/lib/libz.so.1.2.8
7f1ced9fd000-7f1cedbfc000 ---p 00015000 08:02 1317224                    /usr/lib/libz.so.1.2.8
7f1cedbfc000-7f1cedbfd000 r--p 00014000 08:02 1317224                    /usr/lib/libz.so.1.2.8
7f1cedbfd000-7f1cedbfe000 rw-p 00015000 08:02 1317224                    /usr/lib/libz.so.1.2.8
7f1cedbfe000-7f1cedc16000 r-xp 00000000 08:02 1313900                    /usr/lib/libpthread-2.22.so
7f1cedc16000-7f1cede15000 ---p 00018000 08:02 1313900                    /usr/lib/libpthread-2.22.so
7f1cede15000-7f1cede16000 r--p 00017000 08:02 1313900                    /usr/lib/libpthread-2.22.so
7f1cede16000-7f1cede17000 rw-p 00018000 08:02 1313900                    /usr/lib/libpthread-2.22.so
7f1cede17000-7f1cede1b000 rw-p 00000000 00:00 0 
7f1cede1b000-7f1cede3d000 r-xp 00000000 08:02 1313918                    /usr/lib/ld-2.22.so
7f1cede40000-7f1cedf05000 rw-p 00000000 00:00 0 
7f1cedf05000-7f1cedf08000 ---p 00000000 00:00 0 
7f1cedf08000-7f1cee00a000 rw-p 00000000 00:00 0                          [stack:28240]
7f1cee00d000-7f1cee00e000 rw-p 00000000 00:00 0 
7f1cee00e000-7f1cee01d000 r--s 000df000 08:03 1712602                    /bin-ssd/Android/Sdk/build-tools/23.0.1/lib/dx.jar
7f1cee01d000-7f1cee031000 rw-p 00000000 00:00 0 
7f1cee031000-7f1cee039000 rw-s 00000000 00:20 13994073                   /tmp/hsperfdata_ahmed/28234
7f1cee039000-7f1cee03a000 rw-p 00000000 00:00 0 
7f1cee03a000-7f1cee03b000 ---p 00000000 00:00 0 
7f1cee03b000-7f1cee03c000 rw-p 00000000 00:00 0 
7f1cee03c000-7f1cee03d000 r--p 00021000 08:02 1313918                    /usr/lib/ld-2.22.so
7f1cee03d000-7f1cee03e000 rw-p 00022000 08:02 1313918                    /usr/lib/ld-2.22.so
7f1cee03e000-7f1cee03f000 rw-p 00000000 00:00 0 
7ffdc1abb000-7ffdc1add000 rw-p 00000000 00:00 0                          [stack]
7ffdc1b7d000-7ffdc1b7f000 r--p 00000000 00:00 0                          [vvar]
7ffdc1b7f000-7ffdc1b81000 r-xp 00000000 00:00 0                          [vdso]
ffffffffff600000-ffffffffff601000 r-xp 00000000 00:00 0                  [vsyscall]

VM Arguments:
jvm_args: -Xmx1024M -Dfile.encoding=UTF-8 -Duser.country=US -Duser.language=en -Duser.variant 
java_command: com.android.dx.command.Main --dex --num-threads=4 --output /home/ahmed/projects/android/Popular-Movies/app/build/intermediates/dex/debug /home/ahmed/projects/android/Popular-Movies/app/build/intermediates/classes/debug /home/ahmed/projects/android/Popular-Movies/app/build/intermediates/pre-dexed/debug/support-annotations-23.1.1-196f7410122f0c28e9695c9e022f42e530d08ce7.jar /home/ahmed/projects/android/Popular-Movies/app/build/intermediates/pre-dexed/debug/classes-e67572156990961ee22c8b51c5eee4964569df56.jar /home/ahmed/projects/android/Popular-Movies/app/build/intermediates/pre-dexed/debug/schematic-annotations-0.6.3-b3ee183e9234657dd750b25b0c367d1370389548.jar /home/ahmed/projects/android/Popular-Movies/app/build/intermediates/pre-dexed/debug/converter-gson-2.0.0-beta2-57bc0d6f6a62d6437a3627a12cd49310016b2e49.jar /home/ahmed/projects/android/Popular-Movies/app/build/intermediates/pre-dexed/debug/annotations-1.3.9-3e5abbf0e9daab4db8bd4c7ef77fc6366925ca77.jar /home/ahmed/projects/android/Popular-Movies/app/build/intermediates/pre-dexed/debug/validation-api-1.0.0.GA-d9fc57b2f5d320fc2d78fcd8af282d6dbb294b97.jar /home/ahmed/projects/android/Popular-Movies/app/build/intermediates/pre-dexed/debug/jackson-annotations-2.6.2-c71cb11927ace5f472720ff3c67fb411b75ab6d1.jar /home/ahmed/projects/android/Popular-Movies/app/build/intermediates/pre-dexed/debug/jsr305-2.0.1-5621f4937052d32aa36eaaaa9724e7e469f1dbb3.jar /home/ahmed/projects/android/Popular-Movies/app/build/intermediates/pre-dexed/debug/javax.annotation-api-1.2-a3f652cbbd79ba0b110e0fdbfa7ad3c9737b210b.jar /home/ahmed/projects/android/Popular-Movies/app/build/intermediates/pre-dexed/debug/stetho-okhttp-1.2.0-cffa7e0984ba7df035751a9fe3877a2b759e71e4.jar /home/ahmed/projects/android/Popular-Movies/app/build/intermediates/pre-dexed/debug/commons-cli-1.2-45e8bde8769df1f5c7e5b44639840d690f8a3328.jar /home/ahmed/projects/android/Popular-Movies/app/build/intermediates/pre-dexed/debug/retrofit-2.0.0-beta2-39781189e
java_class_path (initial): /bin-ssd/Android/Sdk/build-tools/23.0.1/lib/dx.jar
Launcher Type: SUN_STANDARD

Environment Variables:
PATH=/usr/local/sbin:/usr/local/bin:/usr/bin:/usr/lib/jvm/default/bin:/usr/bin/site_perl:/usr/bin/vendor_perl:/usr/bin/core_perl
USERNAME=ahmed
LD_LIBRARY_PATH=/opt/android-studio/bin:
SHELL=/bin/zsh
DISPLAY=:0

Signal Handlers:
SIGSEGV: [libjvm.so+0xa58190], sa_mask[0]=11111111011111111101111111111110, sa_flags=SA_RESTART|SA_SIGINFO
SIGBUS: [libjvm.so+0xa58190], sa_mask[0]=11111111011111111101111111111110, sa_flags=SA_RESTART|SA_SIGINFO
SIGFPE: [libjvm.so+0x8a4420], sa_mask[0]=11111111011111111101111111111110, sa_flags=SA_RESTART|SA_SIGINFO
SIGPIPE: [libjvm.so+0x8a4420], sa_mask[0]=11111111011111111101111111111110, sa_flags=SA_RESTART|SA_SIGINFO
SIGXFSZ: [libjvm.so+0x8a4420], sa_mask[0]=11111111011111111101111111111110, sa_flags=SA_RESTART|SA_SIGINFO
SIGILL: [libjvm.so+0x8a4420], sa_mask[0]=11111111011111111101111111111110, sa_flags=SA_RESTART|SA_SIGINFO
SIGUSR1: SIG_DFL, sa_mask[0]=00000000000000000000000000000000, sa_flags=none
SIGUSR2: [libjvm.so+0x8a42d0], sa_mask[0]=00100000000000000000000000000000, sa_flags=SA_RESTART|SA_SIGINFO
SIGHUP: [libjvm.so+0x8a47a0], sa_mask[0]=11111111011111111101111111111110, sa_flags=SA_RESTART|SA_SIGINFO
SIGINT: [libjvm.so+0x8a47a0], sa_mask[0]=11111111011111111101111111111110, sa_flags=SA_RESTART|SA_SIGINFO
SIGTERM: [libjvm.so+0x8a47a0], sa_mask[0]=11111111011111111101111111111110, sa_flags=SA_RESTART|SA_SIGINFO
SIGQUIT: [libjvm.so+0x8a47a0], sa_mask[0]=11111111011111111101111111111110, sa_flags=SA_RESTART|SA_SIGINFO


---------------  S Y S T E M  ---------------

OS:NAME="Arch Linux"
ID=arch
PRETTY_NAME="Arch Linux"
ANSI_COLOR="0;36"
HOME_URL="https://www.archlinux.org/"
SUPPORT_URL="https://bbs.archlinux.org/"
BUG_REPORT_URL="https://bugs.archlinux.org/"


uname:Linux 4.2.5-1-ARCH #1 SMP PREEMPT Tue Oct 27 08:13:28 CET 2015 x86_64
libc:glibc 2.22 NPTL 2.22 
rlimit: STACK 8192k, CORE 0k, NPROC 31312, NOFILE 4096, AS infinity
load average:1.01 1.20 1.19

/proc/meminfo:
MemTotal:        8090580 kB
MemFree:           49060 kB
MemAvailable:     150000 kB
Buffers:            1312 kB
Cached:           668704 kB
SwapCached:            0 kB
Active:          6278716 kB
Inactive:         566860 kB
Active(anon):    6252140 kB
Inactive(anon):   535356 kB
Active(file):      26576 kB
Inactive(file):    31504 kB
Unevictable:          60 kB
Mlocked:              60 kB
SwapTotal:             0 kB
SwapFree:              0 kB
Dirty:                 0 kB
Writeback:           256 kB
AnonPages:       6176412 kB
Mapped:          1095636 kB
Shmem:            610844 kB
Slab:             140532 kB
SReclaimable:      85208 kB
SUnreclaim:        55324 kB
KernelStack:       15024 kB
PageTables:        64032 kB
NFS_Unstable:          0 kB
Bounce:                0 kB
WritebackTmp:          0 kB
CommitLimit:     4045288 kB
Committed_AS:   13647728 kB
VmallocTotal:   34359738367 kB
VmallocUsed:      573900 kB
VmallocChunk:   34358423548 kB
HardwareCorrupted:     0 kB
AnonHugePages:   2949120 kB
HugePages_Total:       0
HugePages_Free:        0
HugePages_Rsvd:        0
HugePages_Surp:        0
Hugepagesize:       2048 kB
DirectMap4k:      238336 kB
DirectMap2M:     8060928 kB
DirectMap1G:     1048576 kB


CPU:total 4 (2 cores per cpu, 2 threads per core) family 6 model 69 stepping 1, cmov, cx8, fxsr, mmx, sse, sse2, sse3, ssse3, sse4.1, sse4.2, popcnt, avx, avx2, aes, clmul, erms, lzcnt, ht, tsc, tscinvbit, bmi1, bmi2

/proc/cpuinfo:
processor	: 0
vendor_id	: GenuineIntel
cpu family	: 6
model		: 69
model name	: Intel(R) Core(TM) i7-4500U CPU @ 1.80GHz
stepping	: 1
microcode	: 0x17
cpu MHz		: 2683.500
cache size	: 4096 KB
physical id	: 0
siblings	: 4
core id		: 0
cpu cores	: 2
apicid		: 0
initial apicid	: 0
fpu		: yes
fpu_exception	: yes
cpuid level	: 13
wp		: yes
flags		: fpu vme de pse tsc msr pae mce cx8 apic sep mtrr pge mca cmov pat pse36 clflush dts acpi mmx fxsr sse sse2 ss ht tm pbe syscall nx pdpe1gb rdtscp lm constant_tsc arch_perfmon pebs bts rep_good nopl xtopology nonstop_tsc aperfmperf eagerfpu pni pclmulqdq dtes64 monitor ds_cpl vmx est tm2 ssse3 fma cx16 xtpr pdcm pcid sse4_1 sse4_2 movbe popcnt tsc_deadline_timer aes xsave avx f16c rdrand lahf_lm abm ida arat epb pln pts dtherm tpr_shadow vnmi flexpriority ept vpid fsgsbase tsc_adjust bmi1 avx2 smep bmi2 erms invpcid xsaveopt
bugs		:
bogomips	: 4790.08
clflush size	: 64
cache_alignment	: 64
address sizes	: 39 bits physical, 48 bits virtual
power management:

processor	: 1
vendor_id	: GenuineIntel
cpu family	: 6
model		: 69
model name	: Intel(R) Core(TM) i7-4500U CPU @ 1.80GHz
stepping	: 1
microcode	: 0x17
cpu MHz		: 2714.250
cache size	: 4096 KB
physical id	: 0
siblings	: 4
core id		: 0
cpu cores	: 2
apicid		: 1
initial apicid	: 1
fpu		: yes
fpu_exception	: yes
cpuid level	: 13
wp		: yes
flags		: fpu vme de pse tsc msr pae mce cx8 apic sep mtrr pge mca cmov pat pse36 clflush dts acpi mmx fxsr sse sse2 ss ht tm pbe syscall nx pdpe1gb rdtscp lm constant_tsc arch_perfmon pebs bts rep_good nopl xtopology nonstop_tsc aperfmperf eagerfpu pni pclmulqdq dtes64 monitor ds_cpl vmx est tm2 ssse3 fma cx16 xtpr pdcm pcid sse4_1 sse4_2 movbe popcnt tsc_deadline_timer aes xsave avx f16c rdrand lahf_lm abm ida arat epb pln pts dtherm tpr_shadow vnmi flexpriority ept vpid fsgsbase tsc_adjust bmi1 avx2 smep bmi2 erms invpcid xsaveopt
bugs		:
bogomips	: 4790.08
clflush size	: 64
cache_alignment	: 64
address sizes	: 39 bits physical, 48 bits virtual
power management:

processor	: 2
vendor_id	: GenuineIntel
cpu family	: 6
model		: 69
model name	: Intel(R) Core(TM) i7-4500U CPU @ 1.80GHz
stepping	: 1
microcode	: 0x17
cpu MHz		: 2699.906
cache size	: 4096 KB
physical id	: 0
siblings	: 4
core id		: 1
cpu cores	: 2
apicid		: 2
initial apicid	: 2
fpu		: yes
fpu_exception	: yes
cpuid level	: 13
wp		: yes
flags		: fpu vme de pse tsc msr pae mce cx8 apic sep mtrr pge mca cmov pat pse36 clflush dts acpi mmx fxsr sse sse2 ss ht tm pbe syscall nx pdpe1gb rdtscp lm constant_tsc arch_perfmon pebs bts rep_good nopl xtopology nonstop_tsc aperfmperf eagerfpu pni pclmulqdq dtes64 monitor ds_cpl vmx est tm2 ssse3 fma cx16 xtpr pdcm pcid sse4_1 sse4_2 movbe popcnt tsc_deadline_timer aes xsave avx f16c rdrand lahf_lm abm ida arat epb pln pts dtherm tpr_shadow vnmi flexpriority ept vpid fsgsbase tsc_adjust bmi1 avx2 smep bmi2 erms invpcid xsaveopt
bugs		:
bogomips	: 4790.08
clflush size	: 64
cache_alignment	: 64
address sizes	: 39 bits physical, 48 bits virtual
power management:

processor	: 3
vendor_id	: GenuineIntel
cpu family	: 6
model		: 69
model name	: Intel(R) Core(TM) i7-4500U CPU @ 1.80GHz
stepping	: 1
microcode	: 0x17
cpu MHz		: 2699.906
cache size	: 4096 KB
physical id	: 0
siblings	: 4
core id		: 1
cpu cores	: 2
apicid		: 3
initial apicid	: 3
fpu		: yes
fpu_exception	: yes
cpuid level	: 13
wp		: yes
flags		: fpu vme de pse tsc msr pae mce cx8 apic sep mtrr pge mca cmov pat pse36 clflush dts acpi mmx fxsr sse sse2 ss ht tm pbe syscall nx pdpe1gb rdtscp lm constant_tsc arch_perfmon pebs bts rep_good nopl xtopology nonstop_tsc aperfmperf eagerfpu pni pclmulqdq dtes64 monitor ds_cpl vmx est tm2 ssse3 fma cx16 xtpr pdcm pcid sse4_1 sse4_2 movbe popcnt tsc_deadline_timer aes xsave avx f16c rdrand lahf_lm abm ida arat epb pln pts dtherm tpr_shadow vnmi flexpriority ept vpid fsgsbase tsc_adjust bmi1 avx2 smep bmi2 erms invpcid xsaveopt
bugs		:
bogomips	: 4790.08
clflush size	: 64
cache_alignment	: 64
address sizes	: 39 bits physical, 48 bits virtual
power management:



Memory: 4k page, physical 8090580k(49060k free), swap 0k(0k free)

vm_info: OpenJDK 64-Bit Server VM (25.66-b17) for linux-amd64 JRE (1.8.0_66-b17), built on Nov 18 2015 10:03:43 by "builduser" with gcc 5.2.0

time: Sat Jan  2 14:37:43 2016
elapsed time: 3 seconds (0d 0h 0m 3s)

